This is pdfTeX, Version 3.141592653-2.6-1.40.26 (MiKTeX 24.4) (preloaded format=pdflatex 2024.5.21)  27 NOV 2024 19:19
entering extended mode
 restricted \write18 enabled.
 %&-line parsing enabled.
**./main.tex
(main.tex
LaTeX2e <2023-11-01> patch level 1
L3 programming layer <2024-04-11>
(C:\Users\santi\AppData\Local\Programs\MiKTeX\tex/latex/base\article.cls
Document Class: article 2023/05/17 v1.4n Standard LaTeX document class
(C:\Users\santi\AppData\Local\Programs\MiKTeX\tex/latex/base\size12.clo
File: size12.clo 2023/05/17 v1.4n Standard LaTeX file (size option)
)
\c@part=\count189
\c@section=\count190
\c@subsection=\count191
\c@subsubsection=\count192
\c@paragraph=\count193
\c@subparagraph=\count194
\c@figure=\count195
\c@table=\count196
\abovecaptionskip=\skip48
\belowcaptionskip=\skip49
\bibindent=\dimen140
)
(C:\Users\santi\AppData\Local\Programs\MiKTeX\tex/generic/babel\babel.sty
Package: babel 2024/04/20 v24.4 The Babel package
\babel@savecnt=\count197
\U@D=\dimen141
\l@unhyphenated=\language79

(C:\Users\santi\AppData\Local\Programs\MiKTeX\tex/generic/babel\txtbabel.def)
\bbl@readstream=\read2
\bbl@dirlevel=\count198

*************************************
* Local config file bblopts.cfg used
*
(C:\Users\santi\AppData\Local\Programs\MiKTeX\tex/latex/arabi\bblopts.cfg
File: bblopts.cfg 2005/09/08 v0.1 add Arabic and Farsi to "declared" options of
 babel
)
(C:\Users\santi\AppData\Local\Programs\MiKTeX\tex/latex/babel-spanish\spanish.l
df
Language: spanish.ldf 2021/05/27 v5.0q Spanish support from the babel system
\es@quottoks=\toks17
\es@quotdepth=\count199
Package babel Info: Making " an active character on input line 570.
Package babel Info: Making . an active character on input line 675.
Package babel Info: Making < an active character on input line 722.
Package babel Info: Making > an active character on input line 722.
))
(C:\Users\santi\AppData\Local\Programs\MiKTeX\tex/generic/babel/locale/es\babel
-spanish.tex
Package babel Info: Importing font and identification data for spanish
(babel)             from babel-es.ini. Reported on input line 11.
)
(C:\Users\santi\AppData\Local\Programs\MiKTeX\tex/latex/graphics\color.sty
Package: color 2022/01/06 v1.3d Standard LaTeX Color (DPC)

(C:\Users\santi\AppData\Local\Programs\MiKTeX\tex/latex/graphics-cfg\color.cfg
File: color.cfg 2016/01/02 v1.6 sample color configuration
)
Package color Info: Driver file: pdftex.def on input line 149.

(C:\Users\santi\AppData\Local\Programs\MiKTeX\tex/latex/graphics-def\pdftex.def
File: pdftex.def 2024/04/13 v1.2c Graphics/color driver for pdftex
)
(C:\Users\santi\AppData\Local\Programs\MiKTeX\tex/latex/graphics\mathcolor.ltx)
) (C:\Users\santi\AppData\Local\Programs\MiKTeX\tex/latex/graphics\graphicx.sty
Package: graphicx 2021/09/16 v1.2d Enhanced LaTeX Graphics (DPC,SPQR)
(C:\Users\santi\AppData\Local\Programs\MiKTeX\tex/latex/graphics\keyval.sty
Package: keyval 2022/05/29 v1.15 key=value parser (DPC)
\KV@toks@=\toks18
)
(C:\Users\santi\AppData\Local\Programs\MiKTeX\tex/latex/graphics\graphics.sty
Package: graphics 2022/03/10 v1.4e Standard LaTeX Graphics (DPC,SPQR)

(C:\Users\santi\AppData\Local\Programs\MiKTeX\tex/latex/graphics\trig.sty
Package: trig 2021/08/11 v1.11 sin cos tan (DPC)
)
(C:\Users\santi\AppData\Local\Programs\MiKTeX\tex/latex/graphics-cfg\graphics.c
fg
File: graphics.cfg 2016/06/04 v1.11 sample graphics configuration
)
Package graphics Info: Driver file: pdftex.def on input line 107.
)
\Gin@req@height=\dimen142
\Gin@req@width=\dimen143
)
(C:\Users\santi\AppData\Local\Programs\MiKTeX\tex/latex/amsmath\amsmath.sty
Package: amsmath 2023/05/13 v2.17o AMS math features
\@mathmargin=\skip50

For additional information on amsmath, use the `?' option.
(C:\Users\santi\AppData\Local\Programs\MiKTeX\tex/latex/amsmath\amstext.sty
Package: amstext 2021/08/26 v2.01 AMS text

(C:\Users\santi\AppData\Local\Programs\MiKTeX\tex/latex/amsmath\amsgen.sty
File: amsgen.sty 1999/11/30 v2.0 generic functions
\@emptytoks=\toks19
\ex@=\dimen144
))
(C:\Users\santi\AppData\Local\Programs\MiKTeX\tex/latex/amsmath\amsbsy.sty
Package: amsbsy 1999/11/29 v1.2d Bold Symbols
\pmbraise@=\dimen145
)
(C:\Users\santi\AppData\Local\Programs\MiKTeX\tex/latex/amsmath\amsopn.sty
Package: amsopn 2022/04/08 v2.04 operator names
)
\inf@bad=\count266
LaTeX Info: Redefining \frac on input line 234.
\uproot@=\count267
\leftroot@=\count268
LaTeX Info: Redefining \overline on input line 399.
LaTeX Info: Redefining \colon on input line 410.
\classnum@=\count269
\DOTSCASE@=\count270
LaTeX Info: Redefining \ldots on input line 496.
LaTeX Info: Redefining \dots on input line 499.
LaTeX Info: Redefining \cdots on input line 620.
\Mathstrutbox@=\box51
\strutbox@=\box52
LaTeX Info: Redefining \big on input line 722.
LaTeX Info: Redefining \Big on input line 723.
LaTeX Info: Redefining \bigg on input line 724.
LaTeX Info: Redefining \Bigg on input line 725.
\big@size=\dimen146
LaTeX Font Info:    Redeclaring font encoding OML on input line 743.
LaTeX Font Info:    Redeclaring font encoding OMS on input line 744.
\macc@depth=\count271
LaTeX Info: Redefining \bmod on input line 905.
LaTeX Info: Redefining \pmod on input line 910.
LaTeX Info: Redefining \smash on input line 940.
LaTeX Info: Redefining \relbar on input line 970.
LaTeX Info: Redefining \Relbar on input line 971.
\c@MaxMatrixCols=\count272
\dotsspace@=\muskip16
\c@parentequation=\count273
\dspbrk@lvl=\count274
\tag@help=\toks20
\row@=\count275
\column@=\count276
\maxfields@=\count277
\andhelp@=\toks21
\eqnshift@=\dimen147
\alignsep@=\dimen148
\tagshift@=\dimen149
\tagwidth@=\dimen150
\totwidth@=\dimen151
\lineht@=\dimen152
\@envbody=\toks22
\multlinegap=\skip51
\multlinetaggap=\skip52
\mathdisplay@stack=\toks23
LaTeX Info: Redefining \[ on input line 2953.
LaTeX Info: Redefining \] on input line 2954.
)
(C:\Users\santi\AppData\Local\Programs\MiKTeX\tex/latex/amsfonts\amssymb.sty
Package: amssymb 2013/01/14 v3.01 AMS font symbols

(C:\Users\santi\AppData\Local\Programs\MiKTeX\tex/latex/amsfonts\amsfonts.sty
Package: amsfonts 2013/01/14 v3.01 Basic AMSFonts support
\symAMSa=\mathgroup4
\symAMSb=\mathgroup5
LaTeX Font Info:    Redeclaring math symbol \hbar on input line 98.
LaTeX Font Info:    Overwriting math alphabet `\mathfrak' in version `bold'
(Font)                  U/euf/m/n --> U/euf/b/n on input line 106.
)) (C:\Users\santi\AppData\Local\Programs\MiKTeX\tex/latex/silence\silence.sty
Package: silence 2012/07/02 v1.5b Selective filtering of warnings and error mes
sages
\sl@Save=\count278
\sl@StateNumber=\count279
\sl@MessageCount=\count280
\sl@Casualties=\count281
\sl@Filter=\toks24
\sl@Message=\toks25
\sl@UnexpandedMessage=\toks26
\sl@Mess@ge=\toks27
\sl@WarningCount=\count282
\sl@WarningNumber=\count283
\sl@WarningCasualties=\count284
\sl@TempBOW=\toks28
\sl@BankOfWarnings=\toks29
LaTeX Info: Redefining \GenericWarning on input line 433.
\sl@ErrorCount=\count285
\sl@ErrorNumber=\count286
\sl@ErrorCasualties=\count287
\sl@TempBOE=\toks30
\sl@BankOfErrors=\toks31
LaTeX Info: Redefining \GenericError on input line 601.
)
(C:\Users\santi\AppData\Local\Programs\MiKTeX\tex/latex/lipsum\lipsum.sty
(C:\Users\santi\AppData\Local\Programs\MiKTeX\tex/latex/l3packages/l3keys2e\l3k
eys2e.sty
(C:\Users\santi\AppData\Local\Programs\MiKTeX\tex/latex/l3kernel\expl3.sty
Package: expl3 2024-04-11 L3 programming layer (loader) 

(C:\Users\santi\AppData\Local\Programs\MiKTeX\tex/latex/l3backend\l3backend-pdf
tex.def
File: l3backend-pdftex.def 2024-04-11 L3 backend support: PDF output (pdfTeX)
\l__color_backend_stack_int=\count288
\l__pdf_internal_box=\box53
))
Package: l3keys2e 2024-03-14 LaTeX2e option processing using LaTeX3 keys
)
Package: lipsum 2021-09-20 v2.7 150 paragraphs of Lorem Ipsum dummy text
\g__lipsum_par_int=\count289
\l__lipsum_a_int=\count290
\l__lipsum_b_int=\count291

(C:\Users\santi\AppData\Local\Programs\MiKTeX\tex/latex/lipsum\lipsum.ltd.tex))
(C:\Users\santi\AppData\Local\Programs\MiKTeX\tex/latex/base\fontenc.sty
Package: fontenc 2021/04/29 v2.0v Standard LaTeX package
)
(C:\Users\santi\AppData\Local\Programs\MiKTeX\tex/latex/newtx\newtxtext.sty
Package: newtxtext 2024/04/01 v1.744(Michael Sharpe) latex and unicode latex su
pport for TeXGyreTermesX

`newtxtext' v1.744, 2024/04/01 Text macros taking advantage of TeXGyre Termes a
nd its extensions (msharpe)
(C:\Users\santi\AppData\Local\Programs\MiKTeX\tex/latex/xpatch\xpatch.sty
Package: xpatch 2020/03/25 v0.3a Extending etoolbox patching commands

(C:\Users\santi\AppData\Local\Programs\MiKTeX\tex/latex/l3packages/xparse\xpars
e.sty
Package: xparse 2024-03-14 L3 Experimental document command parser
)
(C:\Users\santi\AppData\Local\Programs\MiKTeX\tex/latex/etoolbox\etoolbox.sty
Package: etoolbox 2020/10/05 v2.5k e-TeX tools for LaTeX (JAW)
\etb@tempcnta=\count292
)) (C:\Users\santi\AppData\Local\Programs\MiKTeX\tex/latex/xcolor\xcolor.sty
Package: xcolor 2023/11/15 v3.01 LaTeX color extensions (UK)

(C:\Users\santi\AppData\Local\Programs\MiKTeX\tex/latex/graphics-cfg\color.cfg
File: color.cfg 2016/01/02 v1.6 sample color configuration
)
Package xcolor Info: Driver file: pdftex.def on input line 274.
LaTeX Info: Redefining \color on input line 758.
(C:\Users\santi\AppData\Local\Programs\MiKTeX\tex/latex/graphics\mathcolor.ltx)
Package xcolor Info: Model `cmy' substituted by `cmy0' on input line 1350.
Package xcolor Info: Model `hsb' substituted by `rgb' on input line 1354.
Package xcolor Info: Model `RGB' extended on input line 1366.
Package xcolor Info: Model `HTML' substituted by `rgb' on input line 1368.
Package xcolor Info: Model `Hsb' substituted by `hsb' on input line 1369.
Package xcolor Info: Model `tHsb' substituted by `hsb' on input line 1370.
Package xcolor Info: Model `HSB' substituted by `hsb' on input line 1371.
Package xcolor Info: Model `Gray' substituted by `gray' on input line 1372.
Package xcolor Info: Model `wave' substituted by `hsb' on input line 1373.
) (C:\Users\santi\AppData\Local\Programs\MiKTeX\tex/generic/iftex\iftex.sty
Package: iftex 2022/02/03 v1.0f TeX engine tests
)
(C:\Users\santi\AppData\Local\Programs\MiKTeX\tex/latex/xkeyval\xkeyval.sty
Package: xkeyval 2022/06/16 v2.9 package option processing (HA)

(C:\Users\santi\AppData\Local\Programs\MiKTeX\tex/generic/xkeyval\xkeyval.tex
(C:\Users\santi\AppData\Local\Programs\MiKTeX\tex/generic/xkeyval\xkvutils.tex
\XKV@toks=\toks32
\XKV@tempa@toks=\toks33
)
\XKV@depth=\count293
File: xkeyval.tex 2014/12/03 v2.7a key=value parser (HA)
)) (C:\Users\santi\AppData\Local\Programs\MiKTeX\tex/latex/base\textcomp.sty
Package: textcomp 2020/02/02 v2.0n Standard LaTeX package
)
(C:\Users\santi\AppData\Local\Programs\MiKTeX\tex/latex/xstring\xstring.sty
(C:\Users\santi\AppData\Local\Programs\MiKTeX\tex/generic/xstring\xstring.tex
\xs_counta=\count294
\xs_countb=\count295
)
Package: xstring 2023/08/22 v1.86 String manipulations (CT)
) (C:\Users\santi\AppData\Local\Programs\MiKTeX\tex/latex/base\ifthen.sty
Package: ifthen 2022/04/13 v1.1d Standard LaTeX ifthen package (DPC)
)
(C:\Users\santi\AppData\Local\Programs\MiKTeX\tex/latex/carlisle\scalefnt.sty)
LaTeX Font Info:    Setting ntxLF sub-encoding to TS1/0 on input line 24.
LaTeX Font Info:    Setting ntxTLF sub-encoding to TS1/0 on input line 24.
LaTeX Font Info:    Setting ntxOsF sub-encoding to TS1/0 on input line 24.
LaTeX Font Info:    Setting ntxTOsF sub-encoding to TS1/0 on input line 24.

(C:\Users\santi\AppData\Local\Programs\MiKTeX\tex/generic/binhex\binhex.tex)
\ntx@tmpcnta=\count296
\ntx@cnt=\count297

(C:\Users\santi\AppData\Local\Programs\MiKTeX\tex/latex/fontaxes\fontaxes.sty
Package: fontaxes 2020/07/21 v1.0e Font selection axes
LaTeX Info: Redefining \upshape on input line 29.
LaTeX Info: Redefining \itshape on input line 31.
LaTeX Info: Redefining \slshape on input line 33.
LaTeX Info: Redefining \swshape on input line 35.
LaTeX Info: Redefining \scshape on input line 37.
LaTeX Info: Redefining \sscshape on input line 39.
LaTeX Info: Redefining \ulcshape on input line 41.
LaTeX Info: Redefining \textsw on input line 47.
LaTeX Info: Redefining \textssc on input line 48.
LaTeX Info: Redefining \textulc on input line 49.
)
\tx@sixem=\dimen153
\tx@y=\dimen154
\tx@x=\dimen155
\tx@tmpdima=\dimen156
\tx@tmpdimb=\dimen157
\tx@tmpdimc=\dimen158
\tx@tmpdimd=\dimen159
\tx@tmpdime=\dimen160
\tx@tmpdimf=\dimen161
\tx@dimA=\dimen162
\tx@dimAA=\dimen163
\tx@dimB=\dimen164
\tx@dimBB=\dimen165
\tx@dimC=\dimen166
LaTeX Info: Redefining \oldstylenums on input line 902.
) (C:\Users\santi\AppData\Local\Programs\MiKTeX\tex/latex/euler\euler.sty
Package: euler 1995/03/05 v2.5

Package: `euler' v2.5 <1995/03/05> (FJ and FMi)
LaTeX Font Info:    Redeclaring symbol font `letters' on input line 35.
LaTeX Font Info:    Encoding `OML' has changed to `U' for symbol font
(Font)              `letters' in the math version `normal' on input line 35.
LaTeX Font Info:    Overwriting symbol font `letters' in version `normal'
(Font)                  OML/cmm/m/it --> U/eur/m/n on input line 35.
LaTeX Font Info:    Encoding `OML' has changed to `U' for symbol font
(Font)              `letters' in the math version `bold' on input line 35.
LaTeX Font Info:    Overwriting symbol font `letters' in version `bold'
(Font)                  OML/cmm/b/it --> U/eur/m/n on input line 35.
LaTeX Font Info:    Overwriting symbol font `letters' in version `bold'
(Font)                  U/eur/m/n --> U/eur/b/n on input line 36.
LaTeX Font Info:    Redeclaring math symbol \Gamma on input line 47.
LaTeX Font Info:    Redeclaring math symbol \Delta on input line 48.
LaTeX Font Info:    Redeclaring math symbol \Theta on input line 49.
LaTeX Font Info:    Redeclaring math symbol \Lambda on input line 50.
LaTeX Font Info:    Redeclaring math symbol \Xi on input line 51.
LaTeX Font Info:    Redeclaring math symbol \Pi on input line 52.
LaTeX Font Info:    Redeclaring math symbol \Sigma on input line 53.
LaTeX Font Info:    Redeclaring math symbol \Upsilon on input line 54.
LaTeX Font Info:    Redeclaring math symbol \Phi on input line 55.
LaTeX Font Info:    Redeclaring math symbol \Psi on input line 56.
LaTeX Font Info:    Redeclaring math symbol \Omega on input line 57.
\symEulerFraktur=\mathgroup6
LaTeX Font Info:    Overwriting symbol font `EulerFraktur' in version `bold'
(Font)                  U/euf/m/n --> U/euf/b/n on input line 63.
LaTeX Font Info:    Redeclaring math alphabet \mathfrak on input line 64.
LaTeX Info: Redefining \oldstylenums on input line 85.
\symEulerScript=\mathgroup7
LaTeX Font Info:    Overwriting symbol font `EulerScript' in version `bold'
(Font)                  U/eus/m/n --> U/eus/b/n on input line 93.
LaTeX Font Info:    Redeclaring math symbol \aleph on input line 97.
LaTeX Font Info:    Redeclaring math symbol \Re on input line 98.
LaTeX Font Info:    Redeclaring math symbol \Im on input line 99.
LaTeX Font Info:    Redeclaring math delimiter \vert on input line 101.
LaTeX Font Info:    Redeclaring math delimiter \backslash on input line 103.
LaTeX Font Info:    Redeclaring math symbol \neg on input line 106.
LaTeX Font Info:    Redeclaring math symbol \wedge on input line 108.
LaTeX Font Info:    Redeclaring math symbol \vee on input line 110.
LaTeX Font Info:    Redeclaring math symbol \setminus on input line 112.
LaTeX Font Info:    Redeclaring math symbol \sim on input line 113.
LaTeX Font Info:    Redeclaring math symbol \mid on input line 114.
LaTeX Font Info:    Redeclaring math delimiter \arrowvert on input line 116.
LaTeX Font Info:    Redeclaring math symbol \mathsection on input line 117.
\symEulerExtension=\mathgroup8
LaTeX Font Info:    Redeclaring math symbol \coprod@ on input line 125.
LaTeX Font Info:    Redeclaring math symbol \prod@ on input line 125.
LaTeX Font Info:    Redeclaring math symbol \sum@ on input line 125.
LaTeX Font Info:    Redeclaring math symbol \intop on input line 130.
LaTeX Font Info:    Redeclaring math symbol \ointop on input line 131.
LaTeX Font Info:    Redeclaring math symbol \braceld on input line 132.
LaTeX Font Info:    Redeclaring math symbol \bracerd on input line 133.
LaTeX Font Info:    Redeclaring math symbol \bracelu on input line 134.
LaTeX Font Info:    Redeclaring math symbol \braceru on input line 135.
LaTeX Font Info:    Redeclaring math symbol \infty on input line 136.
LaTeX Font Info:    Redeclaring math symbol \nearrow on input line 153.
LaTeX Font Info:    Redeclaring math symbol \searrow on input line 154.
LaTeX Font Info:    Redeclaring math symbol \nwarrow on input line 155.
LaTeX Font Info:    Redeclaring math symbol \swarrow on input line 156.
LaTeX Font Info:    Redeclaring math symbol \Leftrightarrow on input line 157.
LaTeX Font Info:    Redeclaring math symbol \Leftarrow on input line 158.
LaTeX Font Info:    Redeclaring math symbol \Rightarrow on input line 159.
LaTeX Font Info:    Redeclaring math symbol \leftrightarrow on input line 160.
LaTeX Font Info:    Redeclaring math symbol \leftarrow on input line 161.
LaTeX Font Info:    Redeclaring math symbol \rightarrow on input line 163.
LaTeX Font Info:    Redeclaring math delimiter \uparrow on input line 166.
LaTeX Font Info:    Redeclaring math delimiter \downarrow on input line 168.
LaTeX Font Info:    Redeclaring math delimiter \updownarrow on input line 170.
LaTeX Font Info:    Redeclaring math delimiter \Uparrow on input line 172.
LaTeX Font Info:    Redeclaring math delimiter \Downarrow on input line 174.
LaTeX Font Info:    Redeclaring math delimiter \Updownarrow on input line 176.
LaTeX Font Info:    Redeclaring math symbol \leftharpoonup on input line 177.
LaTeX Font Info:    Redeclaring math symbol \leftharpoondown on input line 178.

LaTeX Font Info:    Redeclaring math symbol \rightharpoonup on input line 179.
LaTeX Font Info:    Redeclaring math symbol \rightharpoondown on input line 180
.
LaTeX Font Info:    Redeclaring math delimiter \lbrace on input line 182.
LaTeX Font Info:    Redeclaring math delimiter \rbrace on input line 184.
\symcmmigroup=\mathgroup9
LaTeX Font Info:    Overwriting symbol font `cmmigroup' in version `bold'
(Font)                  OML/cmm/m/it --> OML/cmm/b/it on input line 200.
LaTeX Font Info:    Redeclaring math accent \vec on input line 201.
LaTeX Font Info:    Redeclaring math symbol \triangleleft on input line 202.
LaTeX Font Info:    Redeclaring math symbol \triangleright on input line 203.
LaTeX Font Info:    Redeclaring math symbol \star on input line 204.
LaTeX Font Info:    Redeclaring math symbol \lhook on input line 205.
LaTeX Font Info:    Redeclaring math symbol \rhook on input line 206.
LaTeX Font Info:    Redeclaring math symbol \flat on input line 207.
LaTeX Font Info:    Redeclaring math symbol \natural on input line 208.
LaTeX Font Info:    Redeclaring math symbol \sharp on input line 209.
LaTeX Font Info:    Redeclaring math symbol \smile on input line 210.
LaTeX Font Info:    Redeclaring math symbol \frown on input line 211.
LaTeX Font Info:    Redeclaring math accent \grave on input line 245.
LaTeX Font Info:    Redeclaring math accent \acute on input line 246.
LaTeX Font Info:    Redeclaring math accent \tilde on input line 247.
LaTeX Font Info:    Redeclaring math accent \ddot on input line 248.
LaTeX Font Info:    Redeclaring math accent \check on input line 249.
LaTeX Font Info:    Redeclaring math accent \breve on input line 250.
LaTeX Font Info:    Redeclaring math accent \bar on input line 251.
LaTeX Font Info:    Redeclaring math accent \dot on input line 252.
LaTeX Font Info:    Redeclaring math accent \hat on input line 254.
) (C:\Users\santi\AppData\Local\Programs\MiKTeX\tex/latex/float\float.sty
Package: float 2001/11/08 v1.3d Float enhancements (AL)
\c@float@type=\count298
\float@exts=\toks34
\float@box=\box54
\@float@everytoks=\toks35
\@floatcapt=\box55
)
(C:\Users\santi\AppData\Local\Programs\MiKTeX\tex/latex/amscls\amsthm.sty
Package: amsthm 2020/05/29 v2.20.6
\thm@style=\toks36
\thm@bodyfont=\toks37
\thm@headfont=\toks38
\thm@notefont=\toks39
\thm@headpunct=\toks40
\thm@preskip=\skip53
\thm@postskip=\skip54
\thm@headsep=\skip55
\dth@everypar=\toks41
)
(C:\Users\santi\AppData\Local\Programs\MiKTeX\tex/latex/pgf/frontendlayer\tikz.
sty
(C:\Users\santi\AppData\Local\Programs\MiKTeX\tex/latex/pgf/basiclayer\pgf.sty
(C:\Users\santi\AppData\Local\Programs\MiKTeX\tex/latex/pgf/utilities\pgfrcs.st
y
(C:\Users\santi\AppData\Local\Programs\MiKTeX\tex/generic/pgf/utilities\pgfutil
-common.tex
\pgfutil@everybye=\toks42
\pgfutil@tempdima=\dimen167
\pgfutil@tempdimb=\dimen168
)
(C:\Users\santi\AppData\Local\Programs\MiKTeX\tex/generic/pgf/utilities\pgfutil
-latex.def
\pgfutil@abb=\box56
)
(C:\Users\santi\AppData\Local\Programs\MiKTeX\tex/generic/pgf/utilities\pgfrcs.
code.tex
(C:\Users\santi\AppData\Local\Programs\MiKTeX\tex/generic/pgf\pgf.revision.tex)
Package: pgfrcs 2023-01-15 v3.1.10 (3.1.10)
))
Package: pgf 2023-01-15 v3.1.10 (3.1.10)

(C:\Users\santi\AppData\Local\Programs\MiKTeX\tex/latex/pgf/basiclayer\pgfcore.
sty
(C:\Users\santi\AppData\Local\Programs\MiKTeX\tex/latex/pgf/systemlayer\pgfsys.
sty
(C:\Users\santi\AppData\Local\Programs\MiKTeX\tex/generic/pgf/systemlayer\pgfsy
s.code.tex
Package: pgfsys 2023-01-15 v3.1.10 (3.1.10)

(C:\Users\santi\AppData\Local\Programs\MiKTeX\tex/generic/pgf/utilities\pgfkeys
.code.tex
\pgfkeys@pathtoks=\toks43
\pgfkeys@temptoks=\toks44

(C:\Users\santi\AppData\Local\Programs\MiKTeX\tex/generic/pgf/utilities\pgfkeys
libraryfiltered.code.tex
\pgfkeys@tmptoks=\toks45
))
\pgf@x=\dimen169
\pgf@y=\dimen170
\pgf@xa=\dimen171
\pgf@ya=\dimen172
\pgf@xb=\dimen173
\pgf@yb=\dimen174
\pgf@xc=\dimen175
\pgf@yc=\dimen176
\pgf@xd=\dimen177
\pgf@yd=\dimen178
\w@pgf@writea=\write3
\r@pgf@reada=\read3
\c@pgf@counta=\count299
\c@pgf@countb=\count300
\c@pgf@countc=\count301
\c@pgf@countd=\count302
\t@pgf@toka=\toks46
\t@pgf@tokb=\toks47
\t@pgf@tokc=\toks48
\pgf@sys@id@count=\count303

(C:\Users\santi\AppData\Local\Programs\MiKTeX\tex/generic/pgf/systemlayer\pgf.c
fg
File: pgf.cfg 2023-01-15 v3.1.10 (3.1.10)
)
Driver file for pgf: pgfsys-pdftex.def

(C:\Users\santi\AppData\Local\Programs\MiKTeX\tex/generic/pgf/systemlayer\pgfsy
s-pdftex.def
File: pgfsys-pdftex.def 2023-01-15 v3.1.10 (3.1.10)

(C:\Users\santi\AppData\Local\Programs\MiKTeX\tex/generic/pgf/systemlayer\pgfsy
s-common-pdf.def
File: pgfsys-common-pdf.def 2023-01-15 v3.1.10 (3.1.10)
)))
(C:\Users\santi\AppData\Local\Programs\MiKTeX\tex/generic/pgf/systemlayer\pgfsy
ssoftpath.code.tex
File: pgfsyssoftpath.code.tex 2023-01-15 v3.1.10 (3.1.10)
\pgfsyssoftpath@smallbuffer@items=\count304
\pgfsyssoftpath@bigbuffer@items=\count305
)
(C:\Users\santi\AppData\Local\Programs\MiKTeX\tex/generic/pgf/systemlayer\pgfsy
sprotocol.code.tex
File: pgfsysprotocol.code.tex 2023-01-15 v3.1.10 (3.1.10)
))
(C:\Users\santi\AppData\Local\Programs\MiKTeX\tex/generic/pgf/basiclayer\pgfcor
e.code.tex
Package: pgfcore 2023-01-15 v3.1.10 (3.1.10)

(C:\Users\santi\AppData\Local\Programs\MiKTeX\tex/generic/pgf/math\pgfmath.code
.tex
(C:\Users\santi\AppData\Local\Programs\MiKTeX\tex/generic/pgf/math\pgfmathutil.
code.tex)
(C:\Users\santi\AppData\Local\Programs\MiKTeX\tex/generic/pgf/math\pgfmathparse
r.code.tex
\pgfmath@dimen=\dimen179
\pgfmath@count=\count306
\pgfmath@box=\box57
\pgfmath@toks=\toks49
\pgfmath@stack@operand=\toks50
\pgfmath@stack@operation=\toks51
)
(C:\Users\santi\AppData\Local\Programs\MiKTeX\tex/generic/pgf/math\pgfmathfunct
ions.code.tex)
(C:\Users\santi\AppData\Local\Programs\MiKTeX\tex/generic/pgf/math\pgfmathfunct
ions.basic.code.tex)
(C:\Users\santi\AppData\Local\Programs\MiKTeX\tex/generic/pgf/math\pgfmathfunct
ions.trigonometric.code.tex)
(C:\Users\santi\AppData\Local\Programs\MiKTeX\tex/generic/pgf/math\pgfmathfunct
ions.random.code.tex)
(C:\Users\santi\AppData\Local\Programs\MiKTeX\tex/generic/pgf/math\pgfmathfunct
ions.comparison.code.tex)
(C:\Users\santi\AppData\Local\Programs\MiKTeX\tex/generic/pgf/math\pgfmathfunct
ions.base.code.tex)
(C:\Users\santi\AppData\Local\Programs\MiKTeX\tex/generic/pgf/math\pgfmathfunct
ions.round.code.tex)
(C:\Users\santi\AppData\Local\Programs\MiKTeX\tex/generic/pgf/math\pgfmathfunct
ions.misc.code.tex)
(C:\Users\santi\AppData\Local\Programs\MiKTeX\tex/generic/pgf/math\pgfmathfunct
ions.integerarithmetics.code.tex)
(C:\Users\santi\AppData\Local\Programs\MiKTeX\tex/generic/pgf/math\pgfmathcalc.
code.tex)
(C:\Users\santi\AppData\Local\Programs\MiKTeX\tex/generic/pgf/math\pgfmathfloat
.code.tex
\c@pgfmathroundto@lastzeros=\count307
))
(C:\Users\santi\AppData\Local\Programs\MiKTeX\tex/generic/pgf/math\pgfint.code.
tex)
(C:\Users\santi\AppData\Local\Programs\MiKTeX\tex/generic/pgf/basiclayer\pgfcor
epoints.code.tex
File: pgfcorepoints.code.tex 2023-01-15 v3.1.10 (3.1.10)
\pgf@picminx=\dimen180
\pgf@picmaxx=\dimen181
\pgf@picminy=\dimen182
\pgf@picmaxy=\dimen183
\pgf@pathminx=\dimen184
\pgf@pathmaxx=\dimen185
\pgf@pathminy=\dimen186
\pgf@pathmaxy=\dimen187
\pgf@xx=\dimen188
\pgf@xy=\dimen189
\pgf@yx=\dimen190
\pgf@yy=\dimen191
\pgf@zx=\dimen192
\pgf@zy=\dimen193
)
(C:\Users\santi\AppData\Local\Programs\MiKTeX\tex/generic/pgf/basiclayer\pgfcor
epathconstruct.code.tex
File: pgfcorepathconstruct.code.tex 2023-01-15 v3.1.10 (3.1.10)
\pgf@path@lastx=\dimen194
\pgf@path@lasty=\dimen195
)
(C:\Users\santi\AppData\Local\Programs\MiKTeX\tex/generic/pgf/basiclayer\pgfcor
epathusage.code.tex
File: pgfcorepathusage.code.tex 2023-01-15 v3.1.10 (3.1.10)
\pgf@shorten@end@additional=\dimen196
\pgf@shorten@start@additional=\dimen197
)
(C:\Users\santi\AppData\Local\Programs\MiKTeX\tex/generic/pgf/basiclayer\pgfcor
escopes.code.tex
File: pgfcorescopes.code.tex 2023-01-15 v3.1.10 (3.1.10)
\pgfpic=\box58
\pgf@hbox=\box59
\pgf@layerbox@main=\box60
\pgf@picture@serial@count=\count308
)
(C:\Users\santi\AppData\Local\Programs\MiKTeX\tex/generic/pgf/basiclayer\pgfcor
egraphicstate.code.tex
File: pgfcoregraphicstate.code.tex 2023-01-15 v3.1.10 (3.1.10)
\pgflinewidth=\dimen198
)
(C:\Users\santi\AppData\Local\Programs\MiKTeX\tex/generic/pgf/basiclayer\pgfcor
etransformations.code.tex
File: pgfcoretransformations.code.tex 2023-01-15 v3.1.10 (3.1.10)
\pgf@pt@x=\dimen199
\pgf@pt@y=\dimen256
\pgf@pt@temp=\dimen257
)
(C:\Users\santi\AppData\Local\Programs\MiKTeX\tex/generic/pgf/basiclayer\pgfcor
equick.code.tex
File: pgfcorequick.code.tex 2023-01-15 v3.1.10 (3.1.10)
)
(C:\Users\santi\AppData\Local\Programs\MiKTeX\tex/generic/pgf/basiclayer\pgfcor
eobjects.code.tex
File: pgfcoreobjects.code.tex 2023-01-15 v3.1.10 (3.1.10)
)
(C:\Users\santi\AppData\Local\Programs\MiKTeX\tex/generic/pgf/basiclayer\pgfcor
epathprocessing.code.tex
File: pgfcorepathprocessing.code.tex 2023-01-15 v3.1.10 (3.1.10)
)
(C:\Users\santi\AppData\Local\Programs\MiKTeX\tex/generic/pgf/basiclayer\pgfcor
earrows.code.tex
File: pgfcorearrows.code.tex 2023-01-15 v3.1.10 (3.1.10)
\pgfarrowsep=\dimen258
)
(C:\Users\santi\AppData\Local\Programs\MiKTeX\tex/generic/pgf/basiclayer\pgfcor
eshade.code.tex
File: pgfcoreshade.code.tex 2023-01-15 v3.1.10 (3.1.10)
\pgf@max=\dimen259
\pgf@sys@shading@range@num=\count309
\pgf@shadingcount=\count310
)
(C:\Users\santi\AppData\Local\Programs\MiKTeX\tex/generic/pgf/basiclayer\pgfcor
eimage.code.tex
File: pgfcoreimage.code.tex 2023-01-15 v3.1.10 (3.1.10)
)
(C:\Users\santi\AppData\Local\Programs\MiKTeX\tex/generic/pgf/basiclayer\pgfcor
eexternal.code.tex
File: pgfcoreexternal.code.tex 2023-01-15 v3.1.10 (3.1.10)
\pgfexternal@startupbox=\box61
)
(C:\Users\santi\AppData\Local\Programs\MiKTeX\tex/generic/pgf/basiclayer\pgfcor
elayers.code.tex
File: pgfcorelayers.code.tex 2023-01-15 v3.1.10 (3.1.10)
)
(C:\Users\santi\AppData\Local\Programs\MiKTeX\tex/generic/pgf/basiclayer\pgfcor
etransparency.code.tex
File: pgfcoretransparency.code.tex 2023-01-15 v3.1.10 (3.1.10)
)
(C:\Users\santi\AppData\Local\Programs\MiKTeX\tex/generic/pgf/basiclayer\pgfcor
epatterns.code.tex
File: pgfcorepatterns.code.tex 2023-01-15 v3.1.10 (3.1.10)
)
(C:\Users\santi\AppData\Local\Programs\MiKTeX\tex/generic/pgf/basiclayer\pgfcor
erdf.code.tex
File: pgfcorerdf.code.tex 2023-01-15 v3.1.10 (3.1.10)
)))
(C:\Users\santi\AppData\Local\Programs\MiKTeX\tex/generic/pgf/modules\pgfmodule
shapes.code.tex
File: pgfmoduleshapes.code.tex 2023-01-15 v3.1.10 (3.1.10)
\pgfnodeparttextbox=\box62
)
(C:\Users\santi\AppData\Local\Programs\MiKTeX\tex/generic/pgf/modules\pgfmodule
plot.code.tex
File: pgfmoduleplot.code.tex 2023-01-15 v3.1.10 (3.1.10)
)
(C:\Users\santi\AppData\Local\Programs\MiKTeX\tex/latex/pgf/compatibility\pgfco
mp-version-0-65.sty
Package: pgfcomp-version-0-65 2023-01-15 v3.1.10 (3.1.10)
\pgf@nodesepstart=\dimen260
\pgf@nodesepend=\dimen261
)
(C:\Users\santi\AppData\Local\Programs\MiKTeX\tex/latex/pgf/compatibility\pgfco
mp-version-1-18.sty
Package: pgfcomp-version-1-18 2023-01-15 v3.1.10 (3.1.10)
))
(C:\Users\santi\AppData\Local\Programs\MiKTeX\tex/latex/pgf/utilities\pgffor.st
y
(C:\Users\santi\AppData\Local\Programs\MiKTeX\tex/latex/pgf/utilities\pgfkeys.s
ty
(C:\Users\santi\AppData\Local\Programs\MiKTeX\tex/generic/pgf/utilities\pgfkeys
.code.tex))
(C:\Users\santi\AppData\Local\Programs\MiKTeX\tex/latex/pgf/math\pgfmath.sty
(C:\Users\santi\AppData\Local\Programs\MiKTeX\tex/generic/pgf/math\pgfmath.code
.tex))
(C:\Users\santi\AppData\Local\Programs\MiKTeX\tex/generic/pgf/utilities\pgffor.
code.tex
Package: pgffor 2023-01-15 v3.1.10 (3.1.10)
\pgffor@iter=\dimen262
\pgffor@skip=\dimen263
\pgffor@stack=\toks52
\pgffor@toks=\toks53
))
(C:\Users\santi\AppData\Local\Programs\MiKTeX\tex/generic/pgf/frontendlayer/tik
z\tikz.code.tex
Package: tikz 2023-01-15 v3.1.10 (3.1.10)

(C:\Users\santi\AppData\Local\Programs\MiKTeX\tex/generic/pgf/libraries\pgflibr
aryplothandlers.code.tex
File: pgflibraryplothandlers.code.tex 2023-01-15 v3.1.10 (3.1.10)
\pgf@plot@mark@count=\count311
\pgfplotmarksize=\dimen264
)
\tikz@lastx=\dimen265
\tikz@lasty=\dimen266
\tikz@lastxsaved=\dimen267
\tikz@lastysaved=\dimen268
\tikz@lastmovetox=\dimen269
\tikz@lastmovetoy=\dimen270
\tikzleveldistance=\dimen271
\tikzsiblingdistance=\dimen272
\tikz@figbox=\box63
\tikz@figbox@bg=\box64
\tikz@tempbox=\box65
\tikz@tempbox@bg=\box66
\tikztreelevel=\count312
\tikznumberofchildren=\count313
\tikznumberofcurrentchild=\count314
\tikz@fig@count=\count315

(C:\Users\santi\AppData\Local\Programs\MiKTeX\tex/generic/pgf/modules\pgfmodule
matrix.code.tex
File: pgfmodulematrix.code.tex 2023-01-15 v3.1.10 (3.1.10)
\pgfmatrixcurrentrow=\count316
\pgfmatrixcurrentcolumn=\count317
\pgf@matrix@numberofcolumns=\count318
)
\tikz@expandcount=\count319

(C:\Users\santi\AppData\Local\Programs\MiKTeX\tex/generic/pgf/frontendlayer/tik
z/libraries\tikzlibrarytopaths.code.tex
File: tikzlibrarytopaths.code.tex 2023-01-15 v3.1.10 (3.1.10)
)))
(C:\Users\santi\AppData\Local\Programs\MiKTeX\tex/latex/tools\enumerate.sty
Package: enumerate 2023/07/04 v3.00 enumerate extensions (DPC)
\@enLab=\toks54
)
(C:\Users\santi\AppData\Local\Programs\MiKTeX\tex/latex/picinpar\picinpar.sty
Pictures in Paragraphs. Version 1.2a, July 13, 1993
\br=\count320
\bl=\count321
\na=\count322
\nb=\count323
\tcdsav=\count324
\tcl=\count325
\tcd=\count326
\tcn=\count327
\cumtcl=\count328
\cumpartcl=\count329
\lftside=\dimen273
\rtside=\dimen274
\hpic=\dimen275
\vpic=\dimen276
\strutilg=\dimen277
\picwd=\dimen278
\topheight=\dimen279
\ilg=\dimen280
\lpic=\dimen281
\lwindowsep=\dimen282
\rwindowsep=\dimen283
\cumpar=\dimen284
\twa=\toks55
\la=\toks56
\ra=\toks57
\ha=\toks58
\pictoc=\toks59
\rawtext=\box67
\holder=\box68
\windowbox=\box69
\wartext=\box70
\finaltext=\box71
\aslice=\box72
\bslice=\box73
\wbox=\box74
\wstrutbox=\box75
\picbox=\box76
\waslice=\box77
\wbslice=\box78
\fslice=\box79
) (boxes.tex
(C:\Users\santi\AppData\Local\Programs\MiKTeX\tex/latex/thmtools\thmtools.sty
Package: thmtools 2023/05/04 v0.76
\thmt@toks=\toks60
\c@thmt@dummyctr=\count330

(C:\Users\santi\AppData\Local\Programs\MiKTeX\tex/latex/thmtools\thm-patch.sty
Package: thm-patch 2023/05/04 v0.76

(C:\Users\santi\AppData\Local\Programs\MiKTeX\tex/latex/thmtools\parseargs.sty
Package: parseargs 2023/05/04 v0.76
\@parsespec=\toks61
)) (C:\Users\santi\AppData\Local\Programs\MiKTeX\tex/latex/thmtools\thm-kv.sty
Package: thm-kv 2023/05/04 v0.76
Package thm-kv Info: Theorem names will be uppercased on input line 42.

(C:\Users\santi\AppData\Local\Programs\MiKTeX\tex/latex/kvsetkeys\kvsetkeys.sty
Package: kvsetkeys 2022-10-05 v1.19 Key value parser (HO)
)
Package thm-kv Info: kvsetkeys patch (v1.16 or later) on input line 158.
)
(C:\Users\santi\AppData\Local\Programs\MiKTeX\tex/latex/thmtools\thm-autoref.st
y
Package: thm-autoref 2023/05/04 v0.76
 (C:\Users\santi\AppData\Local\Programs\MiKTeX\tex/latex/thmtools\aliasctr.sty
Package: aliasctr 2023/05/04 v0.76
))
(C:\Users\santi\AppData\Local\Programs\MiKTeX\tex/latex/thmtools\thm-listof.sty
Package: thm-listof 2023/05/04 v0.76
)
(C:\Users\santi\AppData\Local\Programs\MiKTeX\tex/latex/thmtools\thm-restate.st
y
Package: thm-restate 2023/05/04 v0.76
)
(C:\Users\santi\AppData\Local\Programs\MiKTeX\tex/latex/thmtools\thm-amsthm.sty
Package: thm-amsthm 2023/05/04 v0.76
\thmt@style@headstyle=\toks62
))
(C:\Users\santi\AppData\Local\Programs\MiKTeX\tex/latex/mdframed\mdframed.sty
Package: mdframed 2013/07/01 1.9b: mdframed

(C:\Users\santi\AppData\Local\Programs\MiKTeX\tex/latex/kvoptions\kvoptions.sty
Package: kvoptions 2022-06-15 v3.15 Key value format for package options (HO)
(C:\Users\santi\AppData\Local\Programs\MiKTeX\tex/generic/ltxcmds\ltxcmds.sty
Package: ltxcmds 2023-12-04 v1.26 LaTeX kernel commands for general use (HO)
)) (C:\Users\santi\AppData\Local\Programs\MiKTeX\tex/latex/zref\zref-abspage.st
y
Package: zref-abspage 2023-09-14 v2.35 Module abspage for zref (HO)

(C:\Users\santi\AppData\Local\Programs\MiKTeX\tex/latex/zref\zref-base.sty
Package: zref-base 2023-09-14 v2.35 Module base for zref (HO)

(C:\Users\santi\AppData\Local\Programs\MiKTeX\tex/generic/infwarerr\infwarerr.s
ty
Package: infwarerr 2019/12/03 v1.5 Providing info/warning/error messages (HO)
)
(C:\Users\santi\AppData\Local\Programs\MiKTeX\tex/generic/kvdefinekeys\kvdefine
keys.sty
Package: kvdefinekeys 2019-12-19 v1.6 Define keys (HO)
)
(C:\Users\santi\AppData\Local\Programs\MiKTeX\tex/generic/pdftexcmds\pdftexcmds
.sty
Package: pdftexcmds 2020-06-27 v0.33 Utility functions of pdfTeX for LuaTeX (HO
)
Package pdftexcmds Info: \pdf@primitive is available.
Package pdftexcmds Info: \pdf@ifprimitive is available.
Package pdftexcmds Info: \pdfdraftmode found.
)
(C:\Users\santi\AppData\Local\Programs\MiKTeX\tex/generic/etexcmds\etexcmds.sty
Package: etexcmds 2019/12/15 v1.7 Avoid name clashes with e-TeX commands (HO)
) (C:\Users\santi\AppData\Local\Programs\MiKTeX\tex/latex/auxhook\auxhook.sty
Package: auxhook 2019-12-17 v1.6 Hooks for auxiliary files (HO)
)
Package zref Info: New property list: main on input line 767.
Package zref Info: New property: default on input line 768.
Package zref Info: New property: page on input line 769.
)
\c@abspage=\count331
Package zref Info: New property: abspage on input line 67.
)
(C:\Users\santi\AppData\Local\Programs\MiKTeX\tex/latex/needspace\needspace.sty
Package: needspace 2010/09/12 v1.3d reserve vertical space
)
\mdf@templength=\skip56
\c@mdf@globalstyle@cnt=\count332
\mdf@skipabove@length=\skip57
\mdf@skipbelow@length=\skip58
\mdf@leftmargin@length=\skip59
\mdf@rightmargin@length=\skip60
\mdf@innerleftmargin@length=\skip61
\mdf@innerrightmargin@length=\skip62
\mdf@innertopmargin@length=\skip63
\mdf@innerbottommargin@length=\skip64
\mdf@splittopskip@length=\skip65
\mdf@splitbottomskip@length=\skip66
\mdf@outermargin@length=\skip67
\mdf@innermargin@length=\skip68
\mdf@linewidth@length=\skip69
\mdf@innerlinewidth@length=\skip70
\mdf@middlelinewidth@length=\skip71
\mdf@outerlinewidth@length=\skip72
\mdf@roundcorner@length=\skip73
\mdf@footenotedistance@length=\skip74
\mdf@userdefinedwidth@length=\skip75
\mdf@needspace@length=\skip76
\mdf@frametitleaboveskip@length=\skip77
\mdf@frametitlebelowskip@length=\skip78
\mdf@frametitlerulewidth@length=\skip79
\mdf@frametitleleftmargin@length=\skip80
\mdf@frametitlerightmargin@length=\skip81
\mdf@shadowsize@length=\skip82
\mdf@extratopheight@length=\skip83
\mdf@subtitleabovelinewidth@length=\skip84
\mdf@subtitlebelowlinewidth@length=\skip85
\mdf@subtitleaboveskip@length=\skip86
\mdf@subtitlebelowskip@length=\skip87
\mdf@subtitleinneraboveskip@length=\skip88
\mdf@subtitleinnerbelowskip@length=\skip89
\mdf@subsubtitleabovelinewidth@length=\skip90
\mdf@subsubtitlebelowlinewidth@length=\skip91
\mdf@subsubtitleaboveskip@length=\skip92
\mdf@subsubtitlebelowskip@length=\skip93
\mdf@subsubtitleinneraboveskip@length=\skip94
\mdf@subsubtitleinnerbelowskip@length=\skip95

(C:\Users\santi\AppData\Local\Programs\MiKTeX\tex/latex/mdframed\md-frame-1.mdf
File: md-frame-1.mdf 2013/07/01\ 1.9b: md-frame-1
)
\mdf@frametitlebox=\box80
\mdf@footnotebox=\box81
\mdf@splitbox@one=\box82
\mdf@splitbox@two=\box83
\mdf@splitbox@save=\box84
\mdfsplitboxwidth=\skip96
\mdfsplitboxtotalwidth=\skip97
\mdfsplitboxheight=\skip98
\mdfsplitboxdepth=\skip99
\mdfsplitboxtotalheight=\skip100
\mdfframetitleboxwidth=\skip101
\mdfframetitleboxtotalwidth=\skip102
\mdfframetitleboxheight=\skip103
\mdfframetitleboxdepth=\skip104
\mdfframetitleboxtotalheight=\skip105
\mdffootnoteboxwidth=\skip106
\mdffootnoteboxtotalwidth=\skip107
\mdffootnoteboxheight=\skip108
\mdffootnoteboxdepth=\skip109
\mdffootnoteboxtotalheight=\skip110
\mdftotallinewidth=\skip111
\mdfboundingboxwidth=\skip112
\mdfboundingboxtotalwidth=\skip113
\mdfboundingboxheight=\skip114
\mdfboundingboxdepth=\skip115
\mdfboundingboxtotalheight=\skip116
\mdf@freevspace@length=\skip117
\mdf@horizontalwidthofbox@length=\skip118
\mdf@verticalmarginwhole@length=\skip119
\mdf@horizontalspaceofbox=\skip120
\mdfsubtitleheight=\skip121
\mdfsubsubtitleheight=\skip122
\c@mdfcountframes=\count333

****** mdframed patching \endmdf@trivlist

****** -- success******

\mdf@envdepth=\count334
\c@mdf@env@i=\count335
\c@mdf@env@ii=\count336
\c@mdf@zref@counter=\count337
Package zref Info: New property: mdf@pagevalue on input line 895.
)
Package thmtools Info: Key `mdframed' (with value ` linewidth=0.7pt, rightline=
true, topline=true, bottomline=true, linecolor=black, backgroundcolor=black!2!w
hite, ')
(thmtools)             is not a known style key.
(thmtools)             Will pass this to every \declaretheorem
(thmtools)             that uses `style=thmbox' on input line 18.
Package thmtools Info: Key `numbered' (with value `no')
(thmtools)             is not a known style key.
(thmtools)             Will pass this to every \declaretheorem
(thmtools)             that uses `style=thmproofbox' on input line 29.
Package thmtools Info: Key `mdframed' (with value ` linewidth=0pt, rightline=fa
lse, topline=false, bottomline=false, linecolor=black, backgroundcolor=black!1.
5!white, ')
(thmtools)             is not a known style key.
(thmtools)             Will pass this to every \declaretheorem
(thmtools)             that uses `style=thmproofbox' on input line 29.
Package thmtools Info: Key `qed' (with value `\qedsymbol ')
(thmtools)             is not a known style key.
(thmtools)             Will pass this to every \declaretheorem
(thmtools)             that uses `style=thmproofbox' on input line 29.
Package thmtools Info: Key `numbered' (with value `no')
(thmtools)             is not a known style key.
(thmtools)             Will pass this to every \declaretheorem
(thmtools)             that uses `style=solbox' on input line 39.
Package thmtools Info: Key `mdframed' (with value ` linewidth=0pt, rightline=fa
lse, topline=false, bottomline=false, linecolor=black, backgroundcolor=black!1.
5!white, ')
(thmtools)             is not a known style key.
(thmtools)             Will pass this to every \declaretheorem
(thmtools)             that uses `style=solbox' on input line 39.
Package thmtools Info: Key `numbered' (with value `no')
(thmtools)             is not a known style key.
(thmtools)             Will pass this to every \declaretheorem
(thmtools)             that uses `style=sancoya' on input line 50.
Package thmtools Info: Key `mdframed' (with value ` linewidth=0pt, rightline=fa
lse, topline=false, bottomline=false, linecolor=black, backgroundcolor=black!1.
5!white, ')
(thmtools)             is not a known style key.
(thmtools)             Will pass this to every \declaretheorem
(thmtools)             that uses `style=sancoya' on input line 50.
Package thmtools Info: Key `qed' (with value `\sqed ')
(thmtools)             is not a known style key.
(thmtools)             Will pass this to every \declaretheorem
(thmtools)             that uses `style=sancoya' on input line 50.
Package thmtools Info: Automatically pulling in `thmdef-mdframed' on input line
 54.

(C:\Users\santi\AppData\Local\Programs\MiKTeX\tex/latex/thmtools\thmdef-mdframe
d.sty
Package: thmdef-mdframed 2023/05/04 v0.76
)
\c@definition=\count338
\c@prop=\count339
\c@lemma=\count340
)
(C:\Users\santi\AppData\Local\Programs\MiKTeX\tex/latex/geometry\geometry.sty
Package: geometry 2020/01/02 v5.9 Page Geometry

(C:\Users\santi\AppData\Local\Programs\MiKTeX\tex/generic/iftex\ifvtex.sty
Package: ifvtex 2019/10/25 v1.7 ifvtex legacy package. Use iftex instead.
)
\Gm@cnth=\count341
\Gm@cntv=\count342
\c@Gm@tempcnt=\count343
\Gm@bindingoffset=\dimen285
\Gm@wd@mp=\dimen286
\Gm@odd@mp=\dimen287
\Gm@even@mp=\dimen288
\Gm@layoutwidth=\dimen289
\Gm@layoutheight=\dimen290
\Gm@layouthoffset=\dimen291
\Gm@layoutvoffset=\dimen292
\Gm@dimlist=\toks63

(C:\Users\santi\AppData\Local\Programs\MiKTeX\tex/latex/geometry\geometry.cfg))
LaTeX Font Info:    Trying to load font information for T1+ntxtlf on input line
 37.
(C:\Users\santi\AppData\Local\Programs\MiKTeX\tex/latex/newtx\t1ntxtlf.fd
File: t1ntxtlf.fd 2021/05/24 v1.1 font definition file for T1/ntx/tlf
)
LaTeX Font Info:    Font shape `T1/ntxtlf/m/n' will be
(Font)              scaled to size 12.0pt on input line 37.

(main.aux
LaTeX Info: Redefining \. on input line 9.
LaTeX Info: Redefining \% on input line 9.
)
\openout1 = `main.aux'.

LaTeX Font Info:    Checking defaults for OML/cmm/m/it on input line 37.
LaTeX Font Info:    ... okay on input line 37.
LaTeX Font Info:    Checking defaults for OMS/cmsy/m/n on input line 37.
LaTeX Font Info:    ... okay on input line 37.
LaTeX Font Info:    Checking defaults for OT1/cmr/m/n on input line 37.
LaTeX Font Info:    ... okay on input line 37.
LaTeX Font Info:    Checking defaults for T1/cmr/m/n on input line 37.
LaTeX Font Info:    ... okay on input line 37.
LaTeX Font Info:    Checking defaults for TS1/cmr/m/n on input line 37.
LaTeX Font Info:    ... okay on input line 37.
LaTeX Font Info:    Checking defaults for OMX/cmex/m/n on input line 37.
LaTeX Font Info:    ... okay on input line 37.
LaTeX Font Info:    Checking defaults for U/cmr/m/n on input line 37.
LaTeX Font Info:    ... okay on input line 37.
LaTeX Info: Redefining \. on input line 37.
LaTeX Info: Redefining \% on input line 37.

(C:\Users\santi\AppData\Local\Programs\MiKTeX\tex/context/base/mkii\supp-pdf.mk
ii
[Loading MPS to PDF converter (version 2006.09.02).]
\scratchcounter=\count344
\scratchdimen=\dimen293
\scratchbox=\box85
\nofMPsegments=\count345
\nofMParguments=\count346
\everyMPshowfont=\toks64
\MPscratchCnt=\count347
\MPscratchDim=\dimen294
\MPnumerator=\count348
\makeMPintoPDFobject=\count349
\everyMPtoPDFconversion=\toks65
)
(C:\Users\santi\AppData\Local\Programs\MiKTeX\tex/latex/epstopdf-pkg\epstopdf-b
ase.sty
Package: epstopdf-base 2020-01-24 v2.11 Base part for package epstopdf
Package epstopdf-base Info: Redefining graphics rule for `.eps' on input line 4
85.

(C:\Users\santi\AppData\Local\Programs\MiKTeX\tex/latex/00miktex\epstopdf-sys.c
fg
File: epstopdf-sys.cfg 2021/03/18 v2.0 Configuration of epstopdf for MiKTeX
))
\c@mv@tabular=\count350
\c@mv@boldtabular=\count351
LaTeX Font Info:    Redeclaring symbol font `operators' on input line 37.
LaTeX Font Info:    Encoding `OT1' has changed to `T1' for symbol font
(Font)              `operators' in the math version `normal' on input line 37.
LaTeX Font Info:    Overwriting symbol font `operators' in version `normal'
(Font)                  OT1/cmr/m/n --> T1/ntxtlf/m/up on input line 37.
LaTeX Font Info:    Encoding `OT1' has changed to `T1' for symbol font
(Font)              `operators' in the math version `bold' on input line 37.
LaTeX Font Info:    Overwriting symbol font `operators' in version `bold'
(Font)                  OT1/cmr/bx/n --> T1/ntxtlf/m/up on input line 37.
LaTeX Font Info:    Encoding `OT1' has changed to `T1' for symbol font
(Font)              `operators' in the math version `tabular' on input line 37.

LaTeX Font Info:    Overwriting symbol font `operators' in version `tabular'
(Font)                  OT1/cmr/m/n --> T1/ntxtlf/m/up on input line 37.
LaTeX Font Info:    Encoding `OT1' has changed to `T1' for symbol font
(Font)              `operators' in the math version `boldtabular' on input line
 37.
LaTeX Font Info:    Overwriting symbol font `operators' in version `boldtabular
'
(Font)                  OT1/cmr/bx/n --> T1/ntxtlf/m/up on input line 37.
LaTeX Font Info:    Overwriting symbol font `operators' in version `bold'
(Font)                  T1/ntxtlf/m/up --> T1/ntxtlf/b/up on input line 37.
LaTeX Font Info:    Redeclaring math alphabet \mathbf on input line 37.
LaTeX Font Info:    Overwriting math alphabet `\mathbf' in version `normal'
(Font)                  OT1/cmr/bx/n --> T1/ntxtlf/b/up on input line 37.
LaTeX Font Info:    Overwriting math alphabet `\mathbf' in version `bold'
(Font)                  OT1/cmr/bx/n --> T1/ntxtlf/b/up on input line 37.
LaTeX Font Info:    Overwriting math alphabet `\mathbf' in version `tabular'
(Font)                  OT1/cmr/bx/n --> T1/ntxtlf/b/up on input line 37.
LaTeX Font Info:    Overwriting math alphabet `\mathbf' in version `boldtabular
'
(Font)                  OT1/cmr/bx/n --> T1/ntxtlf/b/up on input line 37.
LaTeX Font Info:    Redeclaring math alphabet \mathsf on input line 37.
LaTeX Font Info:    Overwriting math alphabet `\mathsf' in version `normal'
(Font)                  OT1/cmss/m/n --> T1/qhv/m/up on input line 37.
LaTeX Font Info:    Overwriting math alphabet `\mathsf' in version `bold'
(Font)                  OT1/cmss/bx/n --> T1/qhv/m/up on input line 37.
LaTeX Font Info:    Overwriting math alphabet `\mathsf' in version `tabular'
(Font)                  OT1/cmss/m/n --> T1/qhv/m/up on input line 37.
LaTeX Font Info:    Overwriting math alphabet `\mathsf' in version `boldtabular
'
(Font)                  OT1/cmss/bx/n --> T1/qhv/m/up on input line 37.
LaTeX Font Info:    Redeclaring math alphabet \mathit on input line 37.
LaTeX Font Info:    Overwriting math alphabet `\mathit' in version `normal'
(Font)                  OT1/cmr/m/it --> T1/ntxtlf/m/it on input line 37.
LaTeX Font Info:    Overwriting math alphabet `\mathit' in version `bold'
(Font)                  OT1/cmr/bx/it --> T1/ntxtlf/m/it on input line 37.
LaTeX Font Info:    Overwriting math alphabet `\mathit' in version `tabular'
(Font)                  OT1/cmr/m/it --> T1/ntxtlf/m/it on input line 37.
LaTeX Font Info:    Overwriting math alphabet `\mathit' in version `boldtabular
'
(Font)                  OT1/cmr/bx/it --> T1/ntxtlf/m/it on input line 37.
LaTeX Font Info:    Redeclaring math alphabet \mathtt on input line 37.
LaTeX Font Info:    Overwriting math alphabet `\mathtt' in version `normal'
(Font)                  OT1/cmtt/m/n --> T1/ntxtt/m/up on input line 37.
LaTeX Font Info:    Overwriting math alphabet `\mathtt' in version `bold'
(Font)                  OT1/cmtt/m/n --> T1/ntxtt/m/up on input line 37.
LaTeX Font Info:    Overwriting math alphabet `\mathtt' in version `tabular'
(Font)                  OT1/cmtt/m/n --> T1/ntxtt/m/up on input line 37.
LaTeX Font Info:    Overwriting math alphabet `\mathtt' in version `boldtabular
'
(Font)                  OT1/cmtt/m/n --> T1/ntxtt/m/up on input line 37.
LaTeX Font Info:    Overwriting math alphabet `\mathsf' in version `bold'
(Font)                  T1/qhv/m/up --> T1/qhv/b/up on input line 37.
LaTeX Font Info:    Overwriting math alphabet `\mathit' in version `bold'
(Font)                  T1/ntxtlf/m/it --> T1/ntxtlf/b/it on input line 37.

*geometry* driver: auto-detecting
*geometry* detected driver: pdftex
*geometry* verbose mode - [ preamble ] result:
* driver: pdftex
* paper: a4paper
* layout: <same size as paper>
* layoutoffset:(h,v)=(0.0pt,0.0pt)
* modes: 
* h-part:(L,W,R)=(71.13188pt, 483.69684pt, 42.67915pt)
* v-part:(T,H,B)=(85.35826pt, 697.09251pt, 62.59607pt)
* \paperwidth=597.50787pt
* \paperheight=845.04684pt
* \textwidth=483.69684pt
* \textheight=697.09251pt
* \oddsidemargin=-1.1381pt
* \evensidemargin=-1.1381pt
* \topmargin=-23.91173pt
* \headheight=12.0pt
* \headsep=25.0pt
* \topskip=12.0pt
* \footskip=30.0pt
* \marginparwidth=35.0pt
* \marginparsep=10.0pt
* \columnsep=10.0pt
* \skip\footins=10.8pt plus 4.0pt minus 2.0pt
* \hoffset=0.0pt
* \voffset=0.0pt
* \mag=1000
* \@twocolumnfalse
* \@twosidefalse
* \@mparswitchfalse
* \@reversemarginfalse
* (1in=72.27pt=25.4mm, 1cm=28.453pt)

Package epstopdf Info: Source file: <logo.eps>
(epstopdf)                    date: 2024-11-24 12:36:16
(epstopdf)                    size: 150466 bytes
(epstopdf)             Output file: <logo-eps-converted-to.pdf>
(epstopdf)                    date: 2024-11-24 12:37:01
(epstopdf)                    size: 15371 bytes
(epstopdf)             Command: <miktex-epstopdf --outfile=logo-eps-converted-t
o.pdf logo.eps>
(epstopdf)             \includegraphics on input line 43.
Package epstopdf Info: Output file is already uptodate.
<logo-eps-converted-to.pdf, id=4, 400.49625pt x 176.66pt>
File: logo-eps-converted-to.pdf Graphic file (type pdf)
<use logo-eps-converted-to.pdf>
Package pdftex.def Info: logo-eps-converted-to.pdf  used on input line 43.
(pdftex.def)             Requested size: 124.15254pt x 54.76402pt.
LaTeX Font Info:    Font shape `T1/ntxtlf/m/n' will be
(Font)              scaled to size 14.4pt on input line 44.
LaTeX Font Info:    Font shape `T1/ntxtlf/m/sc' will be
(Font)              scaled to size 14.4pt on input line 44.
LaTeX Font Info:    Trying to load font information for T1+qhv on input line 44
.
(C:\Users\santi\AppData\Local\Programs\MiKTeX\tex/latex/tex-gyre\t1qhv.fd
File: t1qhv.fd 2009/09/25 v1.2 font definition file for T1/qhv
)
LaTeX Font Info:    Font shape `T1/qhv/m/sc' will be
(Font)              scaled to size 13.53603pt on input line 44.
LaTeX Font Info:    Font shape `T1/ntxtlf/m/sc' will be
(Font)              scaled to size 6.0pt on input line 45.
LaTeX Font Info:    Font shape `T1/ntxtlf/m/sc' will be
(Font)              scaled to size 12.0pt on input line 46.
LaTeX Font Info:    Font shape `T1/qhv/m/sc' will be
(Font)              scaled to size 11.28003pt on input line 46.

Underfull \hbox (badness 10000) in paragraph at lines 44--49

 []


Underfull \hbox (badness 10000) in paragraph at lines 44--49

 []


Underfull \hbox (badness 10000) in paragraph at lines 44--49

 []

LaTeX Font Info:    Font shape `T1/ntxtlf/m/n' will be
(Font)              scaled to size 10.95pt on input line 52.
LaTeX Font Info:    Font shape `T1/qhv/m/n' will be
(Font)              scaled to size 10.29301pt on input line 54.
LaTeX Font Info:    Font shape `T1/ntxtlf/b/n' will be
(Font)              scaled to size 12.0pt on input line 60.
(1.tex
LaTeX Font Info:    Font shape `T1/ntxtlf/m/up' will be
(Font)              scaled to size 8.0pt on input line 10.
LaTeX Font Info:    Font shape `T1/ntxtlf/m/up' will be
(Font)              scaled to size 6.0pt on input line 10.
LaTeX Font Info:    Trying to load font information for U+eur on input line 10.

 (C:\Users\santi\AppData\Local\Programs\MiKTeX\tex/latex/amsfonts\ueur.fd
File: ueur.fd 2013/01/14 v3.01 Euler Roman
)
LaTeX Font Info:    Trying to load font information for U+msa on input line 10.

 (C:\Users\santi\AppData\Local\Programs\MiKTeX\tex/latex/amsfonts\umsa.fd
File: umsa.fd 2013/01/14 v3.01 AMS symbols A
)
LaTeX Font Info:    Trying to load font information for U+msb on input line 10.


(C:\Users\santi\AppData\Local\Programs\MiKTeX\tex/latex/amsfonts\umsb.fd
File: umsb.fd 2013/01/14 v3.01 AMS symbols B
)
LaTeX Font Info:    Trying to load font information for U+euf on input line 10.


(C:\Users\santi\AppData\Local\Programs\MiKTeX\tex/latex/amsfonts\ueuf.fd
File: ueuf.fd 2013/01/14 v3.01 Euler Fraktur
)
LaTeX Font Info:    Trying to load font information for U+eus on input line 10.


(C:\Users\santi\AppData\Local\Programs\MiKTeX\tex/latex/amsfonts\ueus.fd
File: ueus.fd 2013/01/14 v3.01 Euler Script
)
LaTeX Font Info:    Trying to load font information for U+euex on input line 10
.

(C:\Users\santi\AppData\Local\Programs\MiKTeX\tex/latex/amsfonts\ueuex.fd
File: ueuex.fd 2013/01/14 v3.01 Euler extra symbols
)
Package mdframed Info: mdframed detected package amsthm 
 changed the theorem header of amsthm
(mdframed)              on input line 13.
LaTeX Font Info:    Font shape `T1/qhv/b/n' will be
(Font)              scaled to size 11.28003pt on input line 13.
)
(2.tex
Overfull \hbox (3.60617pt too wide) detected at line 4
\U/eur/m/n/12 Cod\U/euf/m/n/12 (\U/eur/m/n/12 x[]; x[]; x[]; x[]; x[]\U/euf/m/n
/12 ) = (\U/eur/m/n/12 x[]; x[]; x[]; x[]; x[]; x[] \U/euf/m/n/12 + \U/eur/m/n/
12 x[] \U/euf/m/n/12 + \U/eur/m/n/12 x[]; x[] \U/euf/m/n/12 + \U/eur/m/n/12 x[]
 \U/euf/m/n/12 + \U/eur/m/n/12 x[]; x[] \U/euf/m/n/12 + \U/eur/m/n/12 x[] \U/eu
f/m/n/12 + \U/eur/m/n/12 x[]; x[] \U/euf/m/n/12 + \U/eur/m/n/12 x[] \U/euf/m/n/
12 + \U/eur/m/n/12 x[]; x[] \U/euf/m/n/12 + \U/eur/m/n/12 x[] \U/euf/m/n/12 + \
U/eur/m/n/12 x[]\U/euf/m/n/12 )
 []

Package mdframed Info: mdframed detected package amsthm 
 changed the theorem header of amsthm
(mdframed)              on input line 9.
) (3.tex
Package mdframed Info: mdframed detected package amsthm 
 changed the theorem header of amsthm
(mdframed)              on input line 13.
 [1

{C:/Users/santi/AppData/Local/MiKTeX/fonts/map/pdftex/pdftex.map}{C:/Users/sant
i/AppData/Local/Programs/MiKTeX/fonts/enc/dvips/tex-gyre/q-ec-sc.enc}{C:/Users/
santi/AppData/Local/Programs/MiKTeX/fonts/enc/dvips/newtx/ntx-ec-tlf-pc.enc}{C:
/Users/santi/AppData/Local/Programs/MiKTeX/fonts/enc/dvips/tex-gyre/q-ec.enc}{C
:/Users/santi/AppData/Local/Programs/MiKTeX/fonts/enc/dvips/newtx/ntx-ec-tlf.en
c} <./logo-eps-converted-to.pdf>]
Package mdframed Info: Not enough space on this page on input line 14.
) (4.tex
Package mdframed Info: mdframed detected package amsthm 
 changed the theorem header of amsthm
(mdframed)              on input line 5.
LaTeX Font Info:    Font shape `T1/ntxtlf/m/n' will be
(Font)              scaled to size 8.0pt on input line 9.
LaTeX Font Info:    Font shape `T1/ntxtlf/m/n' will be
(Font)              scaled to size 6.0pt on input line 9.

Underfull \hbox (badness 10000) in paragraph at lines 9--11

 []


Underfull \hbox (badness 10000) in paragraph at lines 20--22

 []


Underfull \hbox (badness 10000) in paragraph at lines 33--35

 []


Underfull \hbox (badness 10000) in paragraph at lines 44--46

 []


Underfull \hbox (badness 10000) in paragraph at lines 55--57

 []


Underfull \hbox (badness 10000) in paragraph at lines 59--61

 []


Underfull \hbox (badness 10000) in paragraph at lines 62--63

 []


Underfull \hbox (badness 10000) in paragraph at lines 64--65

 []


Underfull \hbox (badness 10000) in paragraph at lines 73--75

 []


Underfull \hbox (badness 10000) in paragraph at lines 76--77

 []


Underfull \hbox (badness 10000) in paragraph at lines 79--81

 []


Underfull \hbox (badness 10000) in paragraph at lines 86--88

 []


Underfull \hbox (badness 10000) in paragraph at lines 94--96

 []

<sancoya.png, id=21, 562.1pt x 289.08pt>
File: sancoya.png Graphic file (type png)
<use sancoya.png>
Package pdftex.def Info: sancoya.png  used on input line 106.
(pdftex.def)             Requested size: 20.99635pt x 10.79999pt.
Package mdframed Info: Box was splittet wrong
 starting loop to iterate the splitting point
(mdframed)              on input line 106.
[2] [3]) (5.tex
Package mdframed Info: mdframed detected package amsthm 
 changed the theorem header of amsthm
(mdframed)              on input line 5.
 [4 <./sancoya.png>]
Package mdframed Info: Not enough space on this page on input line 6.
) (6.tex
Package mdframed Info: mdframed detected package amsthm 
 changed the theorem header of amsthm
(mdframed)              on input line 6.
) (7.tex
Package mdframed Info: mdframed detected package amsthm 
 changed the theorem header of amsthm
(mdframed)              on input line 7.
) (8.tex
Package mdframed Info: mdframed detected package amsthm 
 changed the theorem header of amsthm
(mdframed)              on input line 5.
) (9.tex
Package mdframed Info: mdframed detected package amsthm 
 changed the theorem header of amsthm
(mdframed)              on input line 6.
File: sancoya.png Graphic file (type png)
<use sancoya.png>
Package pdftex.def Info: sancoya.png  used on input line 15.
(pdftex.def)             Requested size: 20.99635pt x 10.79999pt.


Package mdframed Warning: You got a bad break
(mdframed)                because the last box will be empty
(mdframed)                you have to change it manually
(mdframed)                by changing the text, the space
(mdframed)                or something else on input line 15.

Package mdframed Info: Box was splittet wrong
 starting loop to iterate the splitting point
(mdframed)              on input line 15.
[5]) (10.tex
Package mdframed Info: mdframed detected package amsthm 
 changed the theorem header of amsthm
(mdframed)              on input line 6.
File: sancoya.png Graphic file (type png)
<use sancoya.png>
Package pdftex.def Info: sancoya.png  used on input line 66.
(pdftex.def)             Requested size: 20.99635pt x 10.79999pt.
 [6]) (11.tex
Package mdframed Info: mdframed detected package amsthm 
 changed the theorem header of amsthm
(mdframed)              on input line 21.
) (12.tex
Package mdframed Info: mdframed detected package amsthm 
 changed the theorem header of amsthm
(mdframed)              on input line 7.
) [7] (main.aux
LaTeX Info: Redefining \. on input line 9.
LaTeX Info: Redefining \% on input line 9.
)
 ***********
LaTeX2e <2023-11-01> patch level 1
L3 programming layer <2020/03/25>
 ***********
 ) 
Here is how much of TeX's memory you used:
 20419 strings out of 474370
 402272 string characters out of 5740535
 1966754 words of memory out of 5000000
 42328 multiletter control sequences out of 15000+600000
 604824 words of font info for 78 fonts, out of 8000000 for 9000
 1141 hyphenation exceptions out of 8191
 84i,15n,93p,624b,1691s stack positions out of 10000i,1000n,20000p,200000b,200000s
<C:/Users/santi/AppData/Local/Programs/MiKTeX/fonts/type1/public/amsfonts/cm/
cmex10.pfb><C:/Users/santi/AppData/Local/Programs/MiKTeX/fonts/type1/public/ams
fonts/cm/cmsy10.pfb><C:/Users/santi/AppData/Local/Programs/MiKTeX/fonts/type1/p
ublic/amsfonts/euler/euex10.pfb><C:/Users/santi/AppData/Local/Programs/MiKTeX/f
onts/type1/public/amsfonts/euler/euex8.pfb><C:/Users/santi/AppData/Local/Progra
ms/MiKTeX/fonts/type1/public/amsfonts/euler/eufm10.pfb><C:/Users/santi/AppData/
Local/Programs/MiKTeX/fonts/type1/public/amsfonts/euler/eurm10.pfb><C:/Users/sa
nti/AppData/Local/Programs/MiKTeX/fonts/type1/public/amsfonts/euler/eurm7.pfb><
C:/Users/santi/AppData/Local/Programs/MiKTeX/fonts/type1/public/amsfonts/euler/
eusm10.pfb><C:/Users/santi/AppData/Local/Programs/MiKTeX/fonts/type1/public/ams
fonts/symbols/msbm10.pfb><C:/Users/santi/AppData/Local/Programs/MiKTeX/fonts/ty
pe1/public/tex-gyre/qhvb.pfb><C:/Users/santi/AppData/Local/Programs/MiKTeX/font
s/type1/public/tex-gyre/qhvr.pfb><C:/Users/santi/AppData/Local/Programs/MiKTeX/
fonts/type1/public/newtx/ztmb.pfb><C:/Users/santi/AppData/Local/Programs/MiKTeX
/fonts/type1/public/newtx/ztmr.pfb>
Output written on main.pdf (7 pages, 309350 bytes).
PDF statistics:
 111 PDF objects out of 1000 (max. 8388607)
 0 named destinations out of 1000 (max. 500000)
 23 words of extra memory for PDF output out of 10000 (max. 10000000)

