This is pdfTeX, Version 3.141592653-2.6-1.40.26 (MiKTeX 24.4) (preloaded format=pdflatex 2024.5.21)  24 NOV 2024 13:15
entering extended mode
 restricted \write18 enabled.
 %&-line parsing enabled.
**./boxes.tex
(boxes.tex
LaTeX2e <2023-11-01> patch level 1
L3 programming layer <2024-04-11>

! LaTeX Error: \usepackage before \documentclass.

See the LaTeX manual or LaTeX Companion for explanation.
Type  H <return>  for immediate help.
 ...                                              
                                                  
l.4 \usepackage{
                thmtools}
\usepackage may only appear in the document preamble, i.e.,
between \documentclass and \begin{document}.


! LaTeX Error: \usepackage before \documentclass.

See the LaTeX manual or LaTeX Companion for explanation.
Type  H <return>  for immediate help.
 ...                                              
                                                  
l.5 \usepackage[framemethod=TikZ]{
                                  mdframed}
\usepackage may only appear in the document preamble, i.e.,
between \documentclass and \begin{document}.

! Undefined control sequence.
l.6 \mdfsetup
             {skipabove=1em,skipbelow=1em}
The control sequence at the end of the top line
of your error message was never \def'ed. If you have
misspelled it (e.g., `\hobx'), type `I' and the correct
spelling (e.g., `I\hbox'). Otherwise just continue,
and I'll forget about whatever was undefined.


! LaTeX Error: Missing \begin{document}.

See the LaTeX manual or LaTeX Companion for explanation.
Type  H <return>  for immediate help.
 ...                                              
                                                  
l.6 \mdfsetup{s
               kipabove=1em,skipbelow=1em}
You're in trouble here.  Try typing  <return>  to proceed.
If that doesn't work, type  X <return>  to quit.

Missing character: There is no s in font nullfont!
Missing character: There is no k in font nullfont!
Missing character: There is no i in font nullfont!
Missing character: There is no p in font nullfont!
Missing character: There is no a in font nullfont!
Missing character: There is no b in font nullfont!
Missing character: There is no o in font nullfont!
Missing character: There is no v in font nullfont!
Missing character: There is no e in font nullfont!
Missing character: There is no = in font nullfont!
Missing character: There is no 1 in font nullfont!
Missing character: There is no e in font nullfont!
Missing character: There is no m in font nullfont!
Missing character: There is no , in font nullfont!
Missing character: There is no s in font nullfont!
Missing character: There is no k in font nullfont!
Missing character: There is no i in font nullfont!
Missing character: There is no p in font nullfont!
Missing character: There is no b in font nullfont!
Missing character: There is no e in font nullfont!
Missing character: There is no l in font nullfont!
Missing character: There is no o in font nullfont!
Missing character: There is no w in font nullfont!
Missing character: There is no = in font nullfont!
Missing character: There is no 1 in font nullfont!
Missing character: There is no e in font nullfont!
Missing character: There is no m in font nullfont!

Overfull \hbox (20.0pt too wide) in paragraph at lines 6--7
[] 
 []

! Undefined control sequence.
l.10 \theoremstyle
                  {definition}
The control sequence at the end of the top line
of your error message was never \def'ed. If you have
misspelled it (e.g., `\hobx'), type `I' and the correct
spelling (e.g., `I\hbox'). Otherwise just continue,
and I'll forget about whatever was undefined.


! LaTeX Error: Missing \begin{document}.

See the LaTeX manual or LaTeX Companion for explanation.
Type  H <return>  for immediate help.
 ...                                              
                                                  
l.10 \theoremstyle{d
                    efinition}
You're in trouble here.  Try typing  <return>  to proceed.
If that doesn't work, type  X <return>  to quit.

Missing character: There is no d in font nullfont!
Missing character: There is no e in font nullfont!
Missing character: There is no f in font nullfont!
Missing character: There is no i in font nullfont!
Missing character: There is no n in font nullfont!
Missing character: There is no i in font nullfont!
Missing character: There is no t in font nullfont!
Missing character: There is no i in font nullfont!
Missing character: There is no o in font nullfont!
Missing character: There is no n in font nullfont!
! Undefined control sequence.
l.11 \declaretheoremstyle
                         [
The control sequence at the end of the top line
of your error message was never \def'ed. If you have
misspelled it (e.g., `\hobx'), type `I' and the correct
spelling (e.g., `I\hbox'). Otherwise just continue,
and I'll forget about whatever was undefined.

Missing character: There is no [ in font nullfont!
Missing character: There is no h in font nullfont!
Missing character: There is no e in font nullfont!
Missing character: There is no a in font nullfont!
Missing character: There is no d in font nullfont!
Missing character: There is no f in font nullfont!
Missing character: There is no o in font nullfont!
Missing character: There is no n in font nullfont!
Missing character: There is no t in font nullfont!
Missing character: There is no = in font nullfont!
! Undefined control sequence.
l.12     headfont=\bfseries\sffamily\color
                                          {black!70!black}, bodyfont=\normal...
The control sequence at the end of the top line
of your error message was never \def'ed. If you have
misspelled it (e.g., `\hobx'), type `I' and the correct
spelling (e.g., `I\hbox'). Otherwise just continue,
and I'll forget about whatever was undefined.


Overfull \hbox (20.0pt too wide) in paragraph at lines 10--19
[]
 []


Overfull \hbox (68.61142pt too wide) in paragraph at lines 10--19
\OT1/cmss/bx/n/10 black!70!black,
 []


Overfull \hbox (26.0001pt too wide) in paragraph at lines 10--19
\OT1/cmss/bx/n/10 body-
 []


Overfull \hbox (29.84737pt too wide) in paragraph at lines 10--19
\OT1/cmss/bx/n/10 font=\OT1/cmr/m/n/10 ,
 []


Overfull \hbox (17.22226pt too wide) in paragraph at lines 10--19
\OT1/cmr/m/n/10 md-
 []


Overfull \hbox (38.08344pt too wide) in paragraph at lines 10--19
\OT1/cmr/m/n/10 framed=
 []


Overfull \hbox (73.33353pt too wide) in paragraph at lines 10--19
\OT1/cmr/m/n/10 linewidth=0.7pt,
 []


Overfull \hbox (24.19449pt too wide) in paragraph at lines 10--19
\OT1/cmr/m/n/10 right-
 []


Overfull \hbox (43.91676pt too wide) in paragraph at lines 10--19
\OT1/cmr/m/n/10 line=true,
 []


Overfull \hbox (58.36125pt too wide) in paragraph at lines 10--19
\OT1/cmr/m/n/10 topline=true,
 []


Overfull \hbox (18.0556pt too wide) in paragraph at lines 10--19
\OT1/cmr/m/n/10 bot-
 []


Overfull \hbox (20.5556pt too wide) in paragraph at lines 10--19
\OT1/cmr/m/n/10 tom-
 []


Overfull \hbox (43.91676pt too wide) in paragraph at lines 10--19
\OT1/cmr/m/n/10 line=true,
 []


Overfull \hbox (18.88892pt too wide) in paragraph at lines 10--19
\OT1/cmr/m/n/10 line-
 []


Overfull \hbox (54.47235pt too wide) in paragraph at lines 10--19
\OT1/cmr/m/n/10 color=black,
 []


Overfull \hbox (23.33337pt too wide) in paragraph at lines 10--19
\OT1/cmr/m/n/10 back-
 []


Overfull \hbox (33.91675pt too wide) in paragraph at lines 10--19
\OT1/cmr/m/n/10 ground-
 []


Overfull \hbox (88.91687pt too wide) in paragraph at lines 10--19
\OT1/cmr/m/n/10 color=black!2!white,
 []


Overfull \hbox (23.88895pt too wide) in paragraph at lines 10--19
\OT1/cmr/m/n/10 ]thm-
 []


Overfull \hbox (15.83339pt too wide) in paragraph at lines 10--19
\OT1/cmr/m/n/10 box 
 []

! Undefined control sequence.
l.20 \declaretheoremstyle
                         [
The control sequence at the end of the top line
of your error message was never \def'ed. If you have
misspelled it (e.g., `\hobx'), type `I' and the correct
spelling (e.g., `I\hbox'). Otherwise just continue,
and I'll forget about whatever was undefined.


! LaTeX Error: Missing \begin{document}.

See the LaTeX manual or LaTeX Companion for explanation.
Type  H <return>  for immediate help.
 ...                                              
                                                  
l.20 \declaretheoremstyle[
                          
You're in trouble here.  Try typing  <return>  to proceed.
If that doesn't work, type  X <return>  to quit.

! Undefined control sequence.
l.21     headfont=\bfseries\sffamily\color
                                          {black!70!black}, bodyfont=\normal...
The control sequence at the end of the top line
of your error message was never \def'ed. If you have
misspelled it (e.g., `\hobx'), type `I' and the correct
spelling (e.g., `I\hbox'). Otherwise just continue,
and I'll forget about whatever was undefined.

! Undefined control sequence.
l.28     qed=\qedsymbol
                       
The control sequence at the end of the top line
of your error message was never \def'ed. If you have
misspelled it (e.g., `\hobx'), type `I' and the correct
spelling (e.g., `I\hbox'). Otherwise just continue,
and I'll forget about whatever was undefined.


Overfull \hbox (22.77779pt too wide) in paragraph at lines 20--30
[]\OT1/cmr/m/n/10 [
 []


Overfull \hbox (23.88893pt too wide) in paragraph at lines 20--30
\OT1/cmr/m/n/10 head-
 []


Overfull \hbox (93.6115pt too wide) in paragraph at lines 20--30
\OT1/cmr/m/n/10 font=\OT1/cmss/bx/n/10 black!70!black,
 []


Overfull \hbox (26.0001pt too wide) in paragraph at lines 20--30
\OT1/cmss/bx/n/10 body-
 []


Overfull \hbox (29.84737pt too wide) in paragraph at lines 20--30
\OT1/cmss/bx/n/10 font=\OT1/cmr/m/n/10 ,
 []


Overfull \hbox (22.50005pt too wide) in paragraph at lines 20--30
\OT1/cmr/m/n/10 num-
 []


Overfull \hbox (45.30566pt too wide) in paragraph at lines 20--30
\OT1/cmr/m/n/10 bered=no,
 []


Overfull \hbox (17.22226pt too wide) in paragraph at lines 20--30
\OT1/cmr/m/n/10 md-
 []


Overfull \hbox (38.08344pt too wide) in paragraph at lines 20--30
\OT1/cmr/m/n/10 framed=
 []


Overfull \hbox (65.55573pt too wide) in paragraph at lines 20--30
\OT1/cmr/m/n/10 linewidth=0pt,
 []


Overfull \hbox (24.19449pt too wide) in paragraph at lines 20--30
\OT1/cmr/m/n/10 right-
 []


Overfull \hbox (45.33344pt too wide) in paragraph at lines 20--30
\OT1/cmr/m/n/10 line=false,
 []


Overfull \hbox (59.77792pt too wide) in paragraph at lines 20--30
\OT1/cmr/m/n/10 topline=false,
 []


Overfull \hbox (18.0556pt too wide) in paragraph at lines 20--30
\OT1/cmr/m/n/10 bot-
 []


Overfull \hbox (20.5556pt too wide) in paragraph at lines 20--30
\OT1/cmr/m/n/10 tom-
 []


Overfull \hbox (45.33344pt too wide) in paragraph at lines 20--30
\OT1/cmr/m/n/10 line=false,
 []


Overfull \hbox (18.88892pt too wide) in paragraph at lines 20--30
\OT1/cmr/m/n/10 line-
 []


Overfull \hbox (54.47235pt too wide) in paragraph at lines 20--30
\OT1/cmr/m/n/10 color=black,
 []


Overfull \hbox (23.33337pt too wide) in paragraph at lines 20--30
\OT1/cmr/m/n/10 back-
 []


Overfull \hbox (33.91675pt too wide) in paragraph at lines 20--30
\OT1/cmr/m/n/10 ground-
 []


Overfull \hbox (96.69467pt too wide) in paragraph at lines 20--30
\OT1/cmr/m/n/10 color=black!1.5!white,
 []


Overfull \hbox (2.77779pt too wide) in paragraph at lines 20--30
\OT1/cmr/m/n/10 ,
 []


Overfull \hbox (82.25024pt too wide) in paragraph at lines 20--30
\OT1/cmr/m/n/10 qed=]thmproofbox 
 []

! Undefined control sequence.
l.31 \declaretheoremstyle
                         [
The control sequence at the end of the top line
of your error message was never \def'ed. If you have
misspelled it (e.g., `\hobx'), type `I' and the correct
spelling (e.g., `I\hbox'). Otherwise just continue,
and I'll forget about whatever was undefined.


! LaTeX Error: Missing \begin{document}.

See the LaTeX manual or LaTeX Companion for explanation.
Type  H <return>  for immediate help.
 ...                                              
                                                  
l.31 \declaretheoremstyle[
                          
You're in trouble here.  Try typing  <return>  to proceed.
If that doesn't work, type  X <return>  to quit.

! Undefined control sequence.
l.32     headfont=\bfseries\sffamily\color
                                          {black!70!black}, bodyfont=\normal...
The control sequence at the end of the top line
of your error message was never \def'ed. If you have
misspelled it (e.g., `\hobx'), type `I' and the correct
spelling (e.g., `I\hbox'). Otherwise just continue,
and I'll forget about whatever was undefined.

! Undefined control sequence.
\sqed ->\hfill \includegraphics 
                                [height=2ex]{sancoya.png}
l.39     qed=\sqed
                  
The control sequence at the end of the top line
of your error message was never \def'ed. If you have
misspelled it (e.g., `\hobx'), type `I' and the correct
spelling (e.g., `I\hbox'). Otherwise just continue,
and I'll forget about whatever was undefined.


Overfull \hbox (22.77779pt too wide) in paragraph at lines 31--41
[]\OT1/cmr/m/n/10 [
 []


Overfull \hbox (23.88893pt too wide) in paragraph at lines 31--41
\OT1/cmr/m/n/10 head-
 []


Overfull \hbox (93.6115pt too wide) in paragraph at lines 31--41
\OT1/cmr/m/n/10 font=\OT1/cmss/bx/n/10 black!70!black,
 []


Overfull \hbox (26.0001pt too wide) in paragraph at lines 31--41
\OT1/cmss/bx/n/10 body-
 []


Overfull \hbox (29.84737pt too wide) in paragraph at lines 31--41
\OT1/cmss/bx/n/10 font=\OT1/cmr/m/n/10 ,
 []


Overfull \hbox (22.50005pt too wide) in paragraph at lines 31--41
\OT1/cmr/m/n/10 num-
 []


Overfull \hbox (45.30566pt too wide) in paragraph at lines 31--41
\OT1/cmr/m/n/10 bered=no,
 []


Overfull \hbox (17.22226pt too wide) in paragraph at lines 31--41
\OT1/cmr/m/n/10 md-
 []


Overfull \hbox (38.08344pt too wide) in paragraph at lines 31--41
\OT1/cmr/m/n/10 framed=
 []


Overfull \hbox (65.55573pt too wide) in paragraph at lines 31--41
\OT1/cmr/m/n/10 linewidth=0pt,
 []


Overfull \hbox (24.19449pt too wide) in paragraph at lines 31--41
\OT1/cmr/m/n/10 right-
 []


Overfull \hbox (45.33344pt too wide) in paragraph at lines 31--41
\OT1/cmr/m/n/10 line=false,
 []


Overfull \hbox (59.77792pt too wide) in paragraph at lines 31--41
\OT1/cmr/m/n/10 topline=false,
 []


Overfull \hbox (18.0556pt too wide) in paragraph at lines 31--41
\OT1/cmr/m/n/10 bot-
 []


Overfull \hbox (20.5556pt too wide) in paragraph at lines 31--41
\OT1/cmr/m/n/10 tom-
 []


Overfull \hbox (45.33344pt too wide) in paragraph at lines 31--41
\OT1/cmr/m/n/10 line=false,
 []


Overfull \hbox (18.88892pt too wide) in paragraph at lines 31--41
\OT1/cmr/m/n/10 line-
 []


Overfull \hbox (54.47235pt too wide) in paragraph at lines 31--41
\OT1/cmr/m/n/10 color=black,
 []


Overfull \hbox (23.33337pt too wide) in paragraph at lines 31--41
\OT1/cmr/m/n/10 back-
 []


Overfull \hbox (33.91675pt too wide) in paragraph at lines 31--41
\OT1/cmr/m/n/10 ground-
 []


Overfull \hbox (96.69467pt too wide) in paragraph at lines 31--41
\OT1/cmr/m/n/10 color=black!1.5!white,
 []


Overfull \hbox (2.77779pt too wide) in paragraph at lines 31--41
\OT1/cmr/m/n/10 ,
 []


Overfull \hbox (23.0556pt too wide) in paragraph at lines 31--41
\OT1/cmr/m/n/10 qed=
 []


Overfull \hbox (144.00034pt too wide) in paragraph at lines 31--41
\OT1/cmr/m/n/10 [height=2ex]sancoya.png]sancoya 
 []

! Undefined control sequence.
l.43 \declaretheorem
                    [style=thmbox, name=Definición]{definition}
The control sequence at the end of the top line
of your error message was never \def'ed. If you have
misspelled it (e.g., `\hobx'), type `I' and the correct
spelling (e.g., `I\hbox'). Otherwise just continue,
and I'll forget about whatever was undefined.


! LaTeX Error: Missing \begin{document}.

See the LaTeX manual or LaTeX Companion for explanation.
Type  H <return>  for immediate help.
 ...                                              
                                                  
l.43 \declaretheorem[
                     style=thmbox, name=Definición]{definition}
You're in trouble here.  Try typing  <return>  to proceed.
If that doesn't work, type  X <return>  to quit.

! Undefined control sequence.
l.44 \declaretheorem
                    [style=thmbox, numbered=no, name=Ejemplo]{eg}
The control sequence at the end of the top line
of your error message was never \def'ed. If you have
misspelled it (e.g., `\hobx'), type `I' and the correct
spelling (e.g., `I\hbox'). Otherwise just continue,
and I'll forget about whatever was undefined.

! Undefined control sequence.
l.45 \declaretheorem
                    [style=sancoya, numbered=no, name=Demostración]{sproof}
The control sequence at the end of the top line
of your error message was never \def'ed. If you have
misspelled it (e.g., `\hobx'), type `I' and the correct
spelling (e.g., `I\hbox'). Otherwise just continue,
and I'll forget about whatever was undefined.

! Undefined control sequence.
l.46 \declaretheorem
                    [style=thmbox, name=Proposición]{prop}
The control sequence at the end of the top line
of your error message was never \def'ed. If you have
misspelled it (e.g., `\hobx'), type `I' and the correct
spelling (e.g., `I\hbox'). Otherwise just continue,
and I'll forget about whatever was undefined.

! Undefined control sequence.
l.47 \declaretheorem
                    [style=thmbox, name=Teorema, numbered=no]{theorem}
The control sequence at the end of the top line
of your error message was never \def'ed. If you have
misspelled it (e.g., `\hobx'), type `I' and the correct
spelling (e.g., `I\hbox'). Otherwise just continue,
and I'll forget about whatever was undefined.

! Undefined control sequence.
l.48 \declaretheorem
                    [style=thmbox, name=Lema]{lemma}
The control sequence at the end of the top line
of your error message was never \def'ed. If you have
misspelled it (e.g., `\hobx'), type `I' and the correct
spelling (e.g., `I\hbox'). Otherwise just continue,
and I'll forget about whatever was undefined.

! Undefined control sequence.
l.49 \declaretheorem
                    [style=thmbox, numbered=no, name=Corolario]{corollary}
The control sequence at the end of the top line
of your error message was never \def'ed. If you have
misspelled it (e.g., `\hobx'), type `I' and the correct
spelling (e.g., `I\hbox'). Otherwise just continue,
and I'll forget about whatever was undefined.

! Undefined control sequence.
l.50 \declaretheorem
                    [style=thmbox, numbered=no,name=Solución]{solucion}
The control sequence at the end of the top line
of your error message was never \def'ed. If you have
misspelled it (e.g., `\hobx'), type `I' and the correct
spelling (e.g., `I\hbox'). Otherwise just continue,
and I'll forget about whatever was undefined.

! Undefined control sequence.
l.51 \declaretheorem
                    [style=sancoya, numbered=no, name=Solución]{sols}
The control sequence at the end of the top line
of your error message was never \def'ed. If you have
misspelled it (e.g., `\hobx'), type `I' and the correct
spelling (e.g., `I\hbox'). Otherwise just continue,
and I'll forget about whatever was undefined.


Overfull \hbox (86.7224pt too wide) in paragraph at lines 43--52
[]\OT1/cmr/m/n/10 [style=thmbox,
 []


Overfull \hbox (118.75029pt too wide) in paragraph at lines 43--52
\OT1/cmr/m/n/10 name=Definici^^Son]definition
 []


Overfull \hbox (66.7224pt too wide) in paragraph at lines 43--52
\OT1/cmr/m/n/10 [style=thmbox,
 []


Overfull \hbox (22.50005pt too wide) in paragraph at lines 43--52
\OT1/cmr/m/n/10 num-
 []


Overfull \hbox (45.30566pt too wide) in paragraph at lines 43--52
\OT1/cmr/m/n/10 bered=no,
 []


Overfull \hbox (79.30576pt too wide) in paragraph at lines 43--52
\OT1/cmr/m/n/10 name=Ejemplo]eg
 []


Overfull \hbox (67.0557pt too wide) in paragraph at lines 43--52
\OT1/cmr/m/n/10 [style=sancoya,
 []


Overfull \hbox (22.50005pt too wide) in paragraph at lines 43--52
\OT1/cmr/m/n/10 num-
 []


Overfull \hbox (45.30566pt too wide) in paragraph at lines 43--52
\OT1/cmr/m/n/10 bered=no,
 []


Overfull \hbox (120.58362pt too wide) in paragraph at lines 43--52
\OT1/cmr/m/n/10 name=Demostraci^^Son]sproof
 []


Overfull \hbox (66.7224pt too wide) in paragraph at lines 43--52
\OT1/cmr/m/n/10 [style=thmbox,
 []


Overfull \hbox (104.97249pt too wide) in paragraph at lines 43--52
\OT1/cmr/m/n/10 name=Proposici^^Son]prop
 []


Overfull \hbox (66.7224pt too wide) in paragraph at lines 43--52
\OT1/cmr/m/n/10 [style=thmbox,
 []


Overfull \hbox (71.41681pt too wide) in paragraph at lines 43--52
\OT1/cmr/m/n/10 name=Teorema,
 []


Overfull \hbox (22.50005pt too wide) in paragraph at lines 43--52
\OT1/cmr/m/n/10 num-
 []


Overfull \hbox (80.88907pt too wide) in paragraph at lines 43--52
\OT1/cmr/m/n/10 bered=no]theorem
 []


Overfull \hbox (66.7224pt too wide) in paragraph at lines 43--52
\OT1/cmr/m/n/10 [style=thmbox,
 []


Overfull \hbox (86.80577pt too wide) in paragraph at lines 43--52
\OT1/cmr/m/n/10 name=Lema]lemma
 []


Overfull \hbox (66.7224pt too wide) in paragraph at lines 43--52
\OT1/cmr/m/n/10 [style=thmbox,
 []


Overfull \hbox (22.50005pt too wide) in paragraph at lines 43--52
\OT1/cmr/m/n/10 num-
 []


Overfull \hbox (45.30566pt too wide) in paragraph at lines 43--52
\OT1/cmr/m/n/10 bered=no,
 []


Overfull \hbox (112.61139pt too wide) in paragraph at lines 43--52
\OT1/cmr/m/n/10 name=Corolario]corollary
 []


Overfull \hbox (66.7224pt too wide) in paragraph at lines 43--52
\OT1/cmr/m/n/10 [style=thmbox,
 []


Overfull \hbox (22.50005pt too wide) in paragraph at lines 43--52
\OT1/cmr/m/n/10 num-
 []


Overfull \hbox (150.91704pt too wide) in paragraph at lines 43--52
\OT1/cmr/m/n/10 bered=no,name=Soluci^^Son]solucion
 []


Overfull \hbox (67.0557pt too wide) in paragraph at lines 43--52
\OT1/cmr/m/n/10 [style=sancoya,
 []


Overfull \hbox (22.50005pt too wide) in paragraph at lines 43--52
\OT1/cmr/m/n/10 num-
 []


Overfull \hbox (45.30566pt too wide) in paragraph at lines 43--52
\OT1/cmr/m/n/10 bered=no,
 []


Overfull \hbox (86.22243pt too wide) in paragraph at lines 43--52
\OT1/cmr/m/n/10 name=Soluci^^Son]sols 
 []

! Undefined control sequence.
l.54 \declaretheorem
                    [style=thmproofbox, name=Demostración]{replacementproof}
The control sequence at the end of the top line
of your error message was never \def'ed. If you have
misspelled it (e.g., `\hobx'), type `I' and the correct
spelling (e.g., `I\hbox'). Otherwise just continue,
and I'll forget about whatever was undefined.


! LaTeX Error: Missing \begin{document}.

See the LaTeX manual or LaTeX Companion for explanation.
Type  H <return>  for immediate help.
 ...                                              
                                                  
l.54 \declaretheorem[
                     style=thmproofbox, name=Demostración]{replacementproof}
You're in trouble here.  Try typing  <return>  to proceed.
If that doesn't work, type  X <return>  to quit.


! LaTeX Error: Environment proof undefined.

See the LaTeX manual or LaTeX Companion for explanation.
Type  H <return>  for immediate help.
 ...                                              
                                                  
l.55 \renewenvironment{proof}
                             [1][\proofname]{\vspace{-10pt}\begin{replacemen...

Try typing  <return>  to proceed.
If that doesn't work, type  X <return>  to quit.


Overfull \hbox (109.80582pt too wide) in paragraph at lines 54--56
[]\OT1/cmr/m/n/10 [style=thmproofbox,
 []


Overfull \hbox (169.16704pt too wide) in paragraph at lines 54--56
\OT1/cmr/m/n/10 name=Demostraci^^Son]replacementproof
 []

! Undefined control sequence.
l.58 \declaretheorem
                    [style=thmbox, numbered=no, name=Nota]{note}
The control sequence at the end of the top line
of your error message was never \def'ed. If you have
misspelled it (e.g., `\hobx'), type `I' and the correct
spelling (e.g., `I\hbox'). Otherwise just continue,
and I'll forget about whatever was undefined.


! LaTeX Error: Missing \begin{document}.

See the LaTeX manual or LaTeX Companion for explanation.
Type  H <return>  for immediate help.
 ...                                              
                                                  
l.58 \declaretheorem[
                     style=thmbox, numbered=no, name=Nota]{note}
You're in trouble here.  Try typing  <return>  to proceed.
If that doesn't work, type  X <return>  to quit.

! Undefined control sequence.
l.59 \declaretheorem
                    [style=thmbox, numbered=no, ]{temp}
The control sequence at the end of the top line
of your error message was never \def'ed. If you have
misspelled it (e.g., `\hobx'), type `I' and the correct
spelling (e.g., `I\hbox'). Otherwise just continue,
and I'll forget about whatever was undefined.


Overfull \hbox (86.7224pt too wide) in paragraph at lines 58--60
[]\OT1/cmr/m/n/10 [style=thmbox,
 []


Overfull \hbox (22.50005pt too wide) in paragraph at lines 58--60
\OT1/cmr/m/n/10 num-
 []


Overfull \hbox (45.30566pt too wide) in paragraph at lines 58--60
\OT1/cmr/m/n/10 bered=no,
 []


Overfull \hbox (74.16685pt too wide) in paragraph at lines 58--60
\OT1/cmr/m/n/10 name=Nota]note
 []


Overfull \hbox (66.7224pt too wide) in paragraph at lines 58--60
\OT1/cmr/m/n/10 [style=thmbox,
 []


Overfull \hbox (22.50005pt too wide) in paragraph at lines 58--60
\OT1/cmr/m/n/10 num-
 []


Overfull \hbox (45.30566pt too wide) in paragraph at lines 58--60
\OT1/cmr/m/n/10 bered=no,
 []


Overfull \hbox (25.00006pt too wide) in paragraph at lines 58--60
\OT1/cmr/m/n/10 ]temp 
 []


! LaTeX Error: The font size command \normalsize is not defined:
               there is probably something wrong with the class file.

See the LaTeX manual or LaTeX Companion for explanation.
Type  H <return>  for immediate help.
 ...                                              
                                                  
l.60 
     
Your command was ignored.
Type  I <command> <return>  to replace it with another command,
or  <return>  to continue without it.

[1{C:/Users/santi/AppData/Local/MiKTeX/fonts/map/pdftex/pdftex.map}])
! Emergency stop.
<*> ./boxes.tex
               
*** (job aborted, no legal \end found)

 
Here is how much of TeX's memory you used:
 31 strings out of 474370
 577 string characters out of 5740535
 1931754 words of memory out of 5000000
 22529 multiletter control sequences out of 15000+600000
 558671 words of font info for 38 fonts, out of 8000000 for 9000
 1141 hyphenation exceptions out of 8191
 23i,5n,24p,132b,84s stack positions out of 10000i,1000n,20000p,200000b,200000s
!  ==> Fatal error occurred, no output PDF file produced!
